[2024-12-09 11:03:39] local.ERROR: No application encryption key has been specified. {"exception":"[object] (Illuminate\\Encryption\\MissingAppKeyException(code: 0): No application encryption key has been specified. at C:\\Users\\ishaa\\Desktop\\tr2-24-25-daw_tr2_g4\\back\\app\\vendor\\laravel\\framework\\src\\Illuminate\\Encryption\\EncryptionServiceProvider.php:83)
[stacktrace]
#0 C:\\Users\\ishaa\\Desktop\\tr2-24-25-daw_tr2_g4\\back\\app\\vendor\\laravel\\framework\\src\\Illuminate\\Support\\helpers.php(393): Illuminate\\Encryption\\EncryptionServiceProvider->Illuminate\\Encryption\\{closure}()
#1 C:\\Users\\ishaa\\Desktop\\tr2-24-25-daw_tr2_g4\\back\\app\\vendor\\laravel\\framework\\src\\Illuminate\\Encryption\\EncryptionServiceProvider.php(81): tap()
#2 C:\\Users\\ishaa\\Desktop\\tr2-24-25-daw_tr2_g4\\back\\app\\vendor\\laravel\\framework\\src\\Illuminate\\Encryption\\EncryptionServiceProvider.php(64): Illuminate\\Encryption\\EncryptionServiceProvider->key()
#3 C:\\Users\\ishaa\\Desktop\\tr2-24-25-daw_tr2_g4\\back\\app\\vendor\\laravel\\framework\\src\\Illuminate\\Encryption\\EncryptionServiceProvider.php(32): Illuminate\\Encryption\\EncryptionServiceProvider->parseKey()
#4 C:\\Users\\ishaa\\Desktop\\tr2-24-25-daw_tr2_g4\\back\\app\\vendor\\laravel\\framework\\src\\Illuminate\\Container\\Container.php(937): Illuminate\\Encryption\\EncryptionServiceProvider->Illuminate\\Encryption\\{closure}()
#5 C:\\Users\\ishaa\\Desktop\\tr2-24-25-daw_tr2_g4\\back\\app\\vendor\\laravel\\framework\\src\\Illuminate\\Container\\Container.php(819): Illuminate\\Container\\Container->build()
#6 C:\\Users\\ishaa\\Desktop\\tr2-24-25-daw_tr2_g4\\back\\app\\vendor\\laravel\\framework\\src\\Illuminate\\Foundation\\Application.php(1048): Illuminate\\Container\\Container->resolve()
#7 C:\\Users\\ishaa\\Desktop\\tr2-24-25-daw_tr2_g4\\back\\app\\vendor\\laravel\\framework\\src\\Illuminate\\Container\\Container.php(755): Illuminate\\Foundation\\Application->resolve()
#8 C:\\Users\\ishaa\\Desktop\\tr2-24-25-daw_tr2_g4\\back\\app\\vendor\\laravel\\framework\\src\\Illuminate\\Foundation\\Application.php(1030): Illuminate\\Container\\Container->make()
#9 C:\\Users\\ishaa\\Desktop\\tr2-24-25-daw_tr2_g4\\back\\app\\vendor\\laravel\\framework\\src\\Illuminate\\Container\\Container.php(1118): Illuminate\\Foundation\\Application->make()
#10 C:\\Users\\ishaa\\Desktop\\tr2-24-25-daw_tr2_g4\\back\\app\\vendor\\laravel\\framework\\src\\Illuminate\\Container\\Container.php(1028): Illuminate\\Container\\Container->resolveClass()
#11 C:\\Users\\ishaa\\Desktop\\tr2-24-25-daw_tr2_g4\\back\\app\\vendor\\laravel\\framework\\src\\Illuminate\\Container\\Container.php(979): Illuminate\\Container\\Container->resolveDependencies()
#12 C:\\Users\\ishaa\\Desktop\\tr2-24-25-daw_tr2_g4\\back\\app\\vendor\\laravel\\framework\\src\\Illuminate\\Container\\Container.php(819): Illuminate\\Container\\Container->build()
#13 C:\\Users\\ishaa\\Desktop\\tr2-24-25-daw_tr2_g4\\back\\app\\vendor\\laravel\\framework\\src\\Illuminate\\Foundation\\Application.php(1048): Illuminate\\Container\\Container->resolve()
#14 C:\\Users\\ishaa\\Desktop\\tr2-24-25-daw_tr2_g4\\back\\app\\vendor\\laravel\\framework\\src\\Illuminate\\Container\\Container.php(755): Illuminate\\Foundation\\Application->resolve()
#15 C:\\Users\\ishaa\\Desktop\\tr2-24-25-daw_tr2_g4\\back\\app\\vendor\\laravel\\framework\\src\\Illuminate\\Foundation\\Application.php(1030): Illuminate\\Container\\Container->make()
#16 C:\\Users\\ishaa\\Desktop\\tr2-24-25-daw_tr2_g4\\back\\app\\vendor\\laravel\\framework\\src\\Illuminate\\Pipeline\\Pipeline.php(172): Illuminate\\Foundation\\Application->make()
#17 C:\\Users\\ishaa\\Desktop\\tr2-24-25-daw_tr2_g4\\back\\app\\vendor\\laravel\\framework\\src\\Illuminate\\Pipeline\\Pipeline.php(119): Illuminate\\Pipeline\\Pipeline->Illuminate\\Pipeline\\{closure}()
#18 C:\\Users\\ishaa\\Desktop\\tr2-24-25-daw_tr2_g4\\back\\app\\vendor\\laravel\\framework\\src\\Illuminate\\Routing\\Router.php(807): Illuminate\\Pipeline\\Pipeline->then()
#19 C:\\Users\\ishaa\\Desktop\\tr2-24-25-daw_tr2_g4\\back\\app\\vendor\\laravel\\framework\\src\\Illuminate\\Routing\\Router.php(786): Illuminate\\Routing\\Router->runRouteWithinStack()
#20 C:\\Users\\ishaa\\Desktop\\tr2-24-25-daw_tr2_g4\\back\\app\\vendor\\laravel\\framework\\src\\Illuminate\\Routing\\Router.php(750): Illuminate\\Routing\\Router->runRoute()
#21 C:\\Users\\ishaa\\Desktop\\tr2-24-25-daw_tr2_g4\\back\\app\\vendor\\laravel\\framework\\src\\Illuminate\\Routing\\Router.php(739): Illuminate\\Routing\\Router->dispatchToRoute()
#22 C:\\Users\\ishaa\\Desktop\\tr2-24-25-daw_tr2_g4\\back\\app\\vendor\\laravel\\framework\\src\\Illuminate\\Foundation\\Http\\Kernel.php(201): Illuminate\\Routing\\Router->dispatch()
#23 C:\\Users\\ishaa\\Desktop\\tr2-24-25-daw_tr2_g4\\back\\app\\vendor\\laravel\\framework\\src\\Illuminate\\Pipeline\\Pipeline.php(144): Illuminate\\Foundation\\Http\\Kernel->Illuminate\\Foundation\\Http\\{closure}()
#24 C:\\Users\\ishaa\\Desktop\\tr2-24-25-daw_tr2_g4\\back\\app\\vendor\\laravel\\framework\\src\\Illuminate\\Foundation\\Http\\Middleware\\TransformsRequest.php(21): Illuminate\\Pipeline\\Pipeline->Illuminate\\Pipeline\\{closure}()
#25 C:\\Users\\ishaa\\Desktop\\tr2-24-25-daw_tr2_g4\\back\\app\\vendor\\laravel\\framework\\src\\Illuminate\\Foundation\\Http\\Middleware\\ConvertEmptyStringsToNull.php(31): Illuminate\\Foundation\\Http\\Middleware\\TransformsRequest->handle()
#26 C:\\Users\\ishaa\\Desktop\\tr2-24-25-daw_tr2_g4\\back\\app\\vendor\\laravel\\framework\\src\\Illuminate\\Pipeline\\Pipeline.php(183): Illuminate\\Foundation\\Http\\Middleware\\ConvertEmptyStringsToNull->handle()
#27 C:\\Users\\ishaa\\Desktop\\tr2-24-25-daw_tr2_g4\\back\\app\\vendor\\laravel\\framework\\src\\Illuminate\\Foundation\\Http\\Middleware\\TransformsRequest.php(21): Illuminate\\Pipeline\\Pipeline->Illuminate\\Pipeline\\{closure}()
#28 C:\\Users\\ishaa\\Desktop\\tr2-24-25-daw_tr2_g4\\back\\app\\vendor\\laravel\\framework\\src\\Illuminate\\Foundation\\Http\\Middleware\\TrimStrings.php(51): Illuminate\\Foundation\\Http\\Middleware\\TransformsRequest->handle()
#29 C:\\Users\\ishaa\\Desktop\\tr2-24-25-daw_tr2_g4\\back\\app\\vendor\\laravel\\framework\\src\\Illuminate\\Pipeline\\Pipeline.php(183): Illuminate\\Foundation\\Http\\Middleware\\TrimStrings->handle()
#30 C:\\Users\\ishaa\\Desktop\\tr2-24-25-daw_tr2_g4\\back\\app\\vendor\\laravel\\framework\\src\\Illuminate\\Http\\Middleware\\ValidatePostSize.php(27): Illuminate\\Pipeline\\Pipeline->Illuminate\\Pipeline\\{closure}()
#31 C:\\Users\\ishaa\\Desktop\\tr2-24-25-daw_tr2_g4\\back\\app\\vendor\\laravel\\framework\\src\\Illuminate\\Pipeline\\Pipeline.php(183): Illuminate\\Http\\Middleware\\ValidatePostSize->handle()
#32 C:\\Users\\ishaa\\Desktop\\tr2-24-25-daw_tr2_g4\\back\\app\\vendor\\laravel\\framework\\src\\Illuminate\\Foundation\\Http\\Middleware\\PreventRequestsDuringMaintenance.php(110): Illuminate\\Pipeline\\Pipeline->Illuminate\\Pipeline\\{closure}()
#33 C:\\Users\\ishaa\\Desktop\\tr2-24-25-daw_tr2_g4\\back\\app\\vendor\\laravel\\framework\\src\\Illuminate\\Pipeline\\Pipeline.php(183): Illuminate\\Foundation\\Http\\Middleware\\PreventRequestsDuringMaintenance->handle()
#34 C:\\Users\\ishaa\\Desktop\\tr2-24-25-daw_tr2_g4\\back\\app\\vendor\\laravel\\framework\\src\\Illuminate\\Http\\Middleware\\HandleCors.php(49): Illuminate\\Pipeline\\Pipeline->Illuminate\\Pipeline\\{closure}()
#35 C:\\Users\\ishaa\\Desktop\\tr2-24-25-daw_tr2_g4\\back\\app\\vendor\\laravel\\framework\\src\\Illuminate\\Pipeline\\Pipeline.php(183): Illuminate\\Http\\Middleware\\HandleCors->handle()
#36 C:\\Users\\ishaa\\Desktop\\tr2-24-25-daw_tr2_g4\\back\\app\\vendor\\laravel\\framework\\src\\Illuminate\\Http\\Middleware\\TrustProxies.php(58): Illuminate\\Pipeline\\Pipeline->Illuminate\\Pipeline\\{closure}()
#37 C:\\Users\\ishaa\\Desktop\\tr2-24-25-daw_tr2_g4\\back\\app\\vendor\\laravel\\framework\\src\\Illuminate\\Pipeline\\Pipeline.php(183): Illuminate\\Http\\Middleware\\TrustProxies->handle()
#38 C:\\Users\\ishaa\\Desktop\\tr2-24-25-daw_tr2_g4\\back\\app\\vendor\\laravel\\framework\\src\\Illuminate\\Foundation\\Http\\Middleware\\InvokeDeferredCallbacks.php(22): Illuminate\\Pipeline\\Pipeline->Illuminate\\Pipeline\\{closure}()
#39 C:\\Users\\ishaa\\Desktop\\tr2-24-25-daw_tr2_g4\\back\\app\\vendor\\laravel\\framework\\src\\Illuminate\\Pipeline\\Pipeline.php(183): Illuminate\\Foundation\\Http\\Middleware\\InvokeDeferredCallbacks->handle()
#40 C:\\Users\\ishaa\\Desktop\\tr2-24-25-daw_tr2_g4\\back\\app\\vendor\\laravel\\framework\\src\\Illuminate\\Pipeline\\Pipeline.php(119): Illuminate\\Pipeline\\Pipeline->Illuminate\\Pipeline\\{closure}()
#41 C:\\Users\\ishaa\\Desktop\\tr2-24-25-daw_tr2_g4\\back\\app\\vendor\\laravel\\framework\\src\\Illuminate\\Foundation\\Http\\Kernel.php(176): Illuminate\\Pipeline\\Pipeline->then()
#42 C:\\Users\\ishaa\\Desktop\\tr2-24-25-daw_tr2_g4\\back\\app\\vendor\\laravel\\framework\\src\\Illuminate\\Foundation\\Http\\Kernel.php(145): Illuminate\\Foundation\\Http\\Kernel->sendRequestThroughRouter()
#43 C:\\Users\\ishaa\\Desktop\\tr2-24-25-daw_tr2_g4\\back\\app\\vendor\\laravel\\framework\\src\\Illuminate\\Foundation\\Application.php(1190): Illuminate\\Foundation\\Http\\Kernel->handle()
#44 C:\\Users\\ishaa\\Desktop\\tr2-24-25-daw_tr2_g4\\back\\app\\public\\index.php(17): Illuminate\\Foundation\\Application->handleRequest()
#45 C:\\Users\\ishaa\\Desktop\\tr2-24-25-daw_tr2_g4\\back\\app\\vendor\\laravel\\framework\\src\\Illuminate\\Foundation\\resources\\server.php(23): require_once('...')
#46 {main}
"} 
[2024-12-09 11:03:44] local.ERROR: No application encryption key has been specified. {"exception":"[object] (Illuminate\\Encryption\\MissingAppKeyException(code: 0): No application encryption key has been specified. at C:\\Users\\ishaa\\Desktop\\tr2-24-25-daw_tr2_g4\\back\\app\\vendor\\laravel\\framework\\src\\Illuminate\\Encryption\\EncryptionServiceProvider.php:83)
[stacktrace]
#0 C:\\Users\\ishaa\\Desktop\\tr2-24-25-daw_tr2_g4\\back\\app\\vendor\\laravel\\framework\\src\\Illuminate\\Support\\helpers.php(393): Illuminate\\Encryption\\EncryptionServiceProvider->Illuminate\\Encryption\\{closure}()
#1 C:\\Users\\ishaa\\Desktop\\tr2-24-25-daw_tr2_g4\\back\\app\\vendor\\laravel\\framework\\src\\Illuminate\\Encryption\\EncryptionServiceProvider.php(81): tap()
#2 C:\\Users\\ishaa\\Desktop\\tr2-24-25-daw_tr2_g4\\back\\app\\vendor\\laravel\\framework\\src\\Illuminate\\Encryption\\EncryptionServiceProvider.php(64): Illuminate\\Encryption\\EncryptionServiceProvider->key()
#3 C:\\Users\\ishaa\\Desktop\\tr2-24-25-daw_tr2_g4\\back\\app\\vendor\\laravel\\framework\\src\\Illuminate\\Encryption\\EncryptionServiceProvider.php(32): Illuminate\\Encryption\\EncryptionServiceProvider->parseKey()
#4 C:\\Users\\ishaa\\Desktop\\tr2-24-25-daw_tr2_g4\\back\\app\\vendor\\laravel\\framework\\src\\Illuminate\\Container\\Container.php(937): Illuminate\\Encryption\\EncryptionServiceProvider->Illuminate\\Encryption\\{closure}()
#5 C:\\Users\\ishaa\\Desktop\\tr2-24-25-daw_tr2_g4\\back\\app\\vendor\\laravel\\framework\\src\\Illuminate\\Container\\Container.php(819): Illuminate\\Container\\Container->build()
#6 C:\\Users\\ishaa\\Desktop\\tr2-24-25-daw_tr2_g4\\back\\app\\vendor\\laravel\\framework\\src\\Illuminate\\Foundation\\Application.php(1048): Illuminate\\Container\\Container->resolve()
#7 C:\\Users\\ishaa\\Desktop\\tr2-24-25-daw_tr2_g4\\back\\app\\vendor\\laravel\\framework\\src\\Illuminate\\Container\\Container.php(755): Illuminate\\Foundation\\Application->resolve()
#8 C:\\Users\\ishaa\\Desktop\\tr2-24-25-daw_tr2_g4\\back\\app\\vendor\\laravel\\framework\\src\\Illuminate\\Foundation\\Application.php(1030): Illuminate\\Container\\Container->make()
#9 C:\\Users\\ishaa\\Desktop\\tr2-24-25-daw_tr2_g4\\back\\app\\vendor\\laravel\\framework\\src\\Illuminate\\Container\\Container.php(1118): Illuminate\\Foundation\\Application->make()
#10 C:\\Users\\ishaa\\Desktop\\tr2-24-25-daw_tr2_g4\\back\\app\\vendor\\laravel\\framework\\src\\Illuminate\\Container\\Container.php(1028): Illuminate\\Container\\Container->resolveClass()
#11 C:\\Users\\ishaa\\Desktop\\tr2-24-25-daw_tr2_g4\\back\\app\\vendor\\laravel\\framework\\src\\Illuminate\\Container\\Container.php(979): Illuminate\\Container\\Container->resolveDependencies()
#12 C:\\Users\\ishaa\\Desktop\\tr2-24-25-daw_tr2_g4\\back\\app\\vendor\\laravel\\framework\\src\\Illuminate\\Container\\Container.php(819): Illuminate\\Container\\Container->build()
#13 C:\\Users\\ishaa\\Desktop\\tr2-24-25-daw_tr2_g4\\back\\app\\vendor\\laravel\\framework\\src\\Illuminate\\Foundation\\Application.php(1048): Illuminate\\Container\\Container->resolve()
#14 C:\\Users\\ishaa\\Desktop\\tr2-24-25-daw_tr2_g4\\back\\app\\vendor\\laravel\\framework\\src\\Illuminate\\Container\\Container.php(755): Illuminate\\Foundation\\Application->resolve()
#15 C:\\Users\\ishaa\\Desktop\\tr2-24-25-daw_tr2_g4\\back\\app\\vendor\\laravel\\framework\\src\\Illuminate\\Foundation\\Application.php(1030): Illuminate\\Container\\Container->make()
#16 C:\\Users\\ishaa\\Desktop\\tr2-24-25-daw_tr2_g4\\back\\app\\vendor\\laravel\\framework\\src\\Illuminate\\Foundation\\Http\\Kernel.php(258): Illuminate\\Foundation\\Application->make()
#17 C:\\Users\\ishaa\\Desktop\\tr2-24-25-daw_tr2_g4\\back\\app\\vendor\\laravel\\framework\\src\\Illuminate\\Foundation\\Http\\Kernel.php(216): Illuminate\\Foundation\\Http\\Kernel->terminateMiddleware()
#18 C:\\Users\\ishaa\\Desktop\\tr2-24-25-daw_tr2_g4\\back\\app\\vendor\\laravel\\framework\\src\\Illuminate\\Foundation\\Application.php(1192): Illuminate\\Foundation\\Http\\Kernel->terminate()
#19 C:\\Users\\ishaa\\Desktop\\tr2-24-25-daw_tr2_g4\\back\\app\\public\\index.php(17): Illuminate\\Foundation\\Application->handleRequest()
#20 C:\\Users\\ishaa\\Desktop\\tr2-24-25-daw_tr2_g4\\back\\app\\vendor\\laravel\\framework\\src\\Illuminate\\Foundation\\resources\\server.php(23): require_once('...')
#21 {main}
"} 
[2024-12-09 11:03:45] local.ERROR: No application encryption key has been specified. {"exception":"[object] (Illuminate\\Encryption\\MissingAppKeyException(code: 0): No application encryption key has been specified. at C:\\Users\\ishaa\\Desktop\\tr2-24-25-daw_tr2_g4\\back\\app\\vendor\\laravel\\framework\\src\\Illuminate\\Encryption\\EncryptionServiceProvider.php:83)
[stacktrace]
#0 C:\\Users\\ishaa\\Desktop\\tr2-24-25-daw_tr2_g4\\back\\app\\vendor\\laravel\\framework\\src\\Illuminate\\Support\\helpers.php(393): Illuminate\\Encryption\\EncryptionServiceProvider->Illuminate\\Encryption\\{closure}()
#1 C:\\Users\\ishaa\\Desktop\\tr2-24-25-daw_tr2_g4\\back\\app\\vendor\\laravel\\framework\\src\\Illuminate\\Encryption\\EncryptionServiceProvider.php(81): tap()
#2 C:\\Users\\ishaa\\Desktop\\tr2-24-25-daw_tr2_g4\\back\\app\\vendor\\laravel\\framework\\src\\Illuminate\\Encryption\\EncryptionServiceProvider.php(64): Illuminate\\Encryption\\EncryptionServiceProvider->key()
#3 C:\\Users\\ishaa\\Desktop\\tr2-24-25-daw_tr2_g4\\back\\app\\vendor\\laravel\\framework\\src\\Illuminate\\Encryption\\EncryptionServiceProvider.php(32): Illuminate\\Encryption\\EncryptionServiceProvider->parseKey()
#4 C:\\Users\\ishaa\\Desktop\\tr2-24-25-daw_tr2_g4\\back\\app\\vendor\\laravel\\framework\\src\\Illuminate\\Container\\Container.php(937): Illuminate\\Encryption\\EncryptionServiceProvider->Illuminate\\Encryption\\{closure}()
#5 C:\\Users\\ishaa\\Desktop\\tr2-24-25-daw_tr2_g4\\back\\app\\vendor\\laravel\\framework\\src\\Illuminate\\Container\\Container.php(819): Illuminate\\Container\\Container->build()
#6 C:\\Users\\ishaa\\Desktop\\tr2-24-25-daw_tr2_g4\\back\\app\\vendor\\laravel\\framework\\src\\Illuminate\\Foundation\\Application.php(1048): Illuminate\\Container\\Container->resolve()
#7 C:\\Users\\ishaa\\Desktop\\tr2-24-25-daw_tr2_g4\\back\\app\\vendor\\laravel\\framework\\src\\Illuminate\\Container\\Container.php(755): Illuminate\\Foundation\\Application->resolve()
#8 C:\\Users\\ishaa\\Desktop\\tr2-24-25-daw_tr2_g4\\back\\app\\vendor\\laravel\\framework\\src\\Illuminate\\Foundation\\Application.php(1030): Illuminate\\Container\\Container->make()
#9 C:\\Users\\ishaa\\Desktop\\tr2-24-25-daw_tr2_g4\\back\\app\\vendor\\laravel\\framework\\src\\Illuminate\\Container\\Container.php(1118): Illuminate\\Foundation\\Application->make()
#10 C:\\Users\\ishaa\\Desktop\\tr2-24-25-daw_tr2_g4\\back\\app\\vendor\\laravel\\framework\\src\\Illuminate\\Container\\Container.php(1028): Illuminate\\Container\\Container->resolveClass()
#11 C:\\Users\\ishaa\\Desktop\\tr2-24-25-daw_tr2_g4\\back\\app\\vendor\\laravel\\framework\\src\\Illuminate\\Container\\Container.php(979): Illuminate\\Container\\Container->resolveDependencies()
#12 C:\\Users\\ishaa\\Desktop\\tr2-24-25-daw_tr2_g4\\back\\app\\vendor\\laravel\\framework\\src\\Illuminate\\Container\\Container.php(819): Illuminate\\Container\\Container->build()
#13 C:\\Users\\ishaa\\Desktop\\tr2-24-25-daw_tr2_g4\\back\\app\\vendor\\laravel\\framework\\src\\Illuminate\\Foundation\\Application.php(1048): Illuminate\\Container\\Container->resolve()
#14 C:\\Users\\ishaa\\Desktop\\tr2-24-25-daw_tr2_g4\\back\\app\\vendor\\laravel\\framework\\src\\Illuminate\\Container\\Container.php(755): Illuminate\\Foundation\\Application->resolve()
#15 C:\\Users\\ishaa\\Desktop\\tr2-24-25-daw_tr2_g4\\back\\app\\vendor\\laravel\\framework\\src\\Illuminate\\Foundation\\Application.php(1030): Illuminate\\Container\\Container->make()
#16 C:\\Users\\ishaa\\Desktop\\tr2-24-25-daw_tr2_g4\\back\\app\\vendor\\laravel\\framework\\src\\Illuminate\\Pipeline\\Pipeline.php(172): Illuminate\\Foundation\\Application->make()
#17 C:\\Users\\ishaa\\Desktop\\tr2-24-25-daw_tr2_g4\\back\\app\\vendor\\laravel\\framework\\src\\Illuminate\\Pipeline\\Pipeline.php(119): Illuminate\\Pipeline\\Pipeline->Illuminate\\Pipeline\\{closure}()
#18 C:\\Users\\ishaa\\Desktop\\tr2-24-25-daw_tr2_g4\\back\\app\\vendor\\laravel\\framework\\src\\Illuminate\\Routing\\Router.php(807): Illuminate\\Pipeline\\Pipeline->then()
#19 C:\\Users\\ishaa\\Desktop\\tr2-24-25-daw_tr2_g4\\back\\app\\vendor\\laravel\\framework\\src\\Illuminate\\Routing\\Router.php(786): Illuminate\\Routing\\Router->runRouteWithinStack()
#20 C:\\Users\\ishaa\\Desktop\\tr2-24-25-daw_tr2_g4\\back\\app\\vendor\\laravel\\framework\\src\\Illuminate\\Routing\\Router.php(750): Illuminate\\Routing\\Router->runRoute()
#21 C:\\Users\\ishaa\\Desktop\\tr2-24-25-daw_tr2_g4\\back\\app\\vendor\\laravel\\framework\\src\\Illuminate\\Routing\\Router.php(739): Illuminate\\Routing\\Router->dispatchToRoute()
#22 C:\\Users\\ishaa\\Desktop\\tr2-24-25-daw_tr2_g4\\back\\app\\vendor\\laravel\\framework\\src\\Illuminate\\Foundation\\Http\\Kernel.php(201): Illuminate\\Routing\\Router->dispatch()
#23 C:\\Users\\ishaa\\Desktop\\tr2-24-25-daw_tr2_g4\\back\\app\\vendor\\laravel\\framework\\src\\Illuminate\\Pipeline\\Pipeline.php(144): Illuminate\\Foundation\\Http\\Kernel->Illuminate\\Foundation\\Http\\{closure}()
#24 C:\\Users\\ishaa\\Desktop\\tr2-24-25-daw_tr2_g4\\back\\app\\vendor\\laravel\\framework\\src\\Illuminate\\Foundation\\Http\\Middleware\\TransformsRequest.php(21): Illuminate\\Pipeline\\Pipeline->Illuminate\\Pipeline\\{closure}()
#25 C:\\Users\\ishaa\\Desktop\\tr2-24-25-daw_tr2_g4\\back\\app\\vendor\\laravel\\framework\\src\\Illuminate\\Foundation\\Http\\Middleware\\ConvertEmptyStringsToNull.php(31): Illuminate\\Foundation\\Http\\Middleware\\TransformsRequest->handle()
#26 C:\\Users\\ishaa\\Desktop\\tr2-24-25-daw_tr2_g4\\back\\app\\vendor\\laravel\\framework\\src\\Illuminate\\Pipeline\\Pipeline.php(183): Illuminate\\Foundation\\Http\\Middleware\\ConvertEmptyStringsToNull->handle()
#27 C:\\Users\\ishaa\\Desktop\\tr2-24-25-daw_tr2_g4\\back\\app\\vendor\\laravel\\framework\\src\\Illuminate\\Foundation\\Http\\Middleware\\TransformsRequest.php(21): Illuminate\\Pipeline\\Pipeline->Illuminate\\Pipeline\\{closure}()
#28 C:\\Users\\ishaa\\Desktop\\tr2-24-25-daw_tr2_g4\\back\\app\\vendor\\laravel\\framework\\src\\Illuminate\\Foundation\\Http\\Middleware\\TrimStrings.php(51): Illuminate\\Foundation\\Http\\Middleware\\TransformsRequest->handle()
#29 C:\\Users\\ishaa\\Desktop\\tr2-24-25-daw_tr2_g4\\back\\app\\vendor\\laravel\\framework\\src\\Illuminate\\Pipeline\\Pipeline.php(183): Illuminate\\Foundation\\Http\\Middleware\\TrimStrings->handle()
#30 C:\\Users\\ishaa\\Desktop\\tr2-24-25-daw_tr2_g4\\back\\app\\vendor\\laravel\\framework\\src\\Illuminate\\Http\\Middleware\\ValidatePostSize.php(27): Illuminate\\Pipeline\\Pipeline->Illuminate\\Pipeline\\{closure}()
#31 C:\\Users\\ishaa\\Desktop\\tr2-24-25-daw_tr2_g4\\back\\app\\vendor\\laravel\\framework\\src\\Illuminate\\Pipeline\\Pipeline.php(183): Illuminate\\Http\\Middleware\\ValidatePostSize->handle()
#32 C:\\Users\\ishaa\\Desktop\\tr2-24-25-daw_tr2_g4\\back\\app\\vendor\\laravel\\framework\\src\\Illuminate\\Foundation\\Http\\Middleware\\PreventRequestsDuringMaintenance.php(110): Illuminate\\Pipeline\\Pipeline->Illuminate\\Pipeline\\{closure}()
#33 C:\\Users\\ishaa\\Desktop\\tr2-24-25-daw_tr2_g4\\back\\app\\vendor\\laravel\\framework\\src\\Illuminate\\Pipeline\\Pipeline.php(183): Illuminate\\Foundation\\Http\\Middleware\\PreventRequestsDuringMaintenance->handle()
#34 C:\\Users\\ishaa\\Desktop\\tr2-24-25-daw_tr2_g4\\back\\app\\vendor\\laravel\\framework\\src\\Illuminate\\Http\\Middleware\\HandleCors.php(49): Illuminate\\Pipeline\\Pipeline->Illuminate\\Pipeline\\{closure}()
#35 C:\\Users\\ishaa\\Desktop\\tr2-24-25-daw_tr2_g4\\back\\app\\vendor\\laravel\\framework\\src\\Illuminate\\Pipeline\\Pipeline.php(183): Illuminate\\Http\\Middleware\\HandleCors->handle()
#36 C:\\Users\\ishaa\\Desktop\\tr2-24-25-daw_tr2_g4\\back\\app\\vendor\\laravel\\framework\\src\\Illuminate\\Http\\Middleware\\TrustProxies.php(58): Illuminate\\Pipeline\\Pipeline->Illuminate\\Pipeline\\{closure}()
#37 C:\\Users\\ishaa\\Desktop\\tr2-24-25-daw_tr2_g4\\back\\app\\vendor\\laravel\\framework\\src\\Illuminate\\Pipeline\\Pipeline.php(183): Illuminate\\Http\\Middleware\\TrustProxies->handle()
#38 C:\\Users\\ishaa\\Desktop\\tr2-24-25-daw_tr2_g4\\back\\app\\vendor\\laravel\\framework\\src\\Illuminate\\Foundation\\Http\\Middleware\\InvokeDeferredCallbacks.php(22): Illuminate\\Pipeline\\Pipeline->Illuminate\\Pipeline\\{closure}()
#39 C:\\Users\\ishaa\\Desktop\\tr2-24-25-daw_tr2_g4\\back\\app\\vendor\\laravel\\framework\\src\\Illuminate\\Pipeline\\Pipeline.php(183): Illuminate\\Foundation\\Http\\Middleware\\InvokeDeferredCallbacks->handle()
#40 C:\\Users\\ishaa\\Desktop\\tr2-24-25-daw_tr2_g4\\back\\app\\vendor\\laravel\\framework\\src\\Illuminate\\Pipeline\\Pipeline.php(119): Illuminate\\Pipeline\\Pipeline->Illuminate\\Pipeline\\{closure}()
#41 C:\\Users\\ishaa\\Desktop\\tr2-24-25-daw_tr2_g4\\back\\app\\vendor\\laravel\\framework\\src\\Illuminate\\Foundation\\Http\\Kernel.php(176): Illuminate\\Pipeline\\Pipeline->then()
#42 C:\\Users\\ishaa\\Desktop\\tr2-24-25-daw_tr2_g4\\back\\app\\vendor\\laravel\\framework\\src\\Illuminate\\Foundation\\Http\\Kernel.php(145): Illuminate\\Foundation\\Http\\Kernel->sendRequestThroughRouter()
#43 C:\\Users\\ishaa\\Desktop\\tr2-24-25-daw_tr2_g4\\back\\app\\vendor\\laravel\\framework\\src\\Illuminate\\Foundation\\Application.php(1190): Illuminate\\Foundation\\Http\\Kernel->handle()
#44 C:\\Users\\ishaa\\Desktop\\tr2-24-25-daw_tr2_g4\\back\\app\\public\\index.php(17): Illuminate\\Foundation\\Application->handleRequest()
#45 C:\\Users\\ishaa\\Desktop\\tr2-24-25-daw_tr2_g4\\back\\app\\vendor\\laravel\\framework\\src\\Illuminate\\Foundation\\resources\\server.php(23): require_once('...')
#46 {main}
"} 
[2024-12-09 11:03:45] local.ERROR: No application encryption key has been specified. {"exception":"[object] (Illuminate\\Encryption\\MissingAppKeyException(code: 0): No application encryption key has been specified. at C:\\Users\\ishaa\\Desktop\\tr2-24-25-daw_tr2_g4\\back\\app\\vendor\\laravel\\framework\\src\\Illuminate\\Encryption\\EncryptionServiceProvider.php:83)
[stacktrace]
#0 C:\\Users\\ishaa\\Desktop\\tr2-24-25-daw_tr2_g4\\back\\app\\vendor\\laravel\\framework\\src\\Illuminate\\Support\\helpers.php(393): Illuminate\\Encryption\\EncryptionServiceProvider->Illuminate\\Encryption\\{closure}()
#1 C:\\Users\\ishaa\\Desktop\\tr2-24-25-daw_tr2_g4\\back\\app\\vendor\\laravel\\framework\\src\\Illuminate\\Encryption\\EncryptionServiceProvider.php(81): tap()
#2 C:\\Users\\ishaa\\Desktop\\tr2-24-25-daw_tr2_g4\\back\\app\\vendor\\laravel\\framework\\src\\Illuminate\\Encryption\\EncryptionServiceProvider.php(64): Illuminate\\Encryption\\EncryptionServiceProvider->key()
#3 C:\\Users\\ishaa\\Desktop\\tr2-24-25-daw_tr2_g4\\back\\app\\vendor\\laravel\\framework\\src\\Illuminate\\Encryption\\EncryptionServiceProvider.php(32): Illuminate\\Encryption\\EncryptionServiceProvider->parseKey()
#4 C:\\Users\\ishaa\\Desktop\\tr2-24-25-daw_tr2_g4\\back\\app\\vendor\\laravel\\framework\\src\\Illuminate\\Container\\Container.php(937): Illuminate\\Encryption\\EncryptionServiceProvider->Illuminate\\Encryption\\{closure}()
#5 C:\\Users\\ishaa\\Desktop\\tr2-24-25-daw_tr2_g4\\back\\app\\vendor\\laravel\\framework\\src\\Illuminate\\Container\\Container.php(819): Illuminate\\Container\\Container->build()
#6 C:\\Users\\ishaa\\Desktop\\tr2-24-25-daw_tr2_g4\\back\\app\\vendor\\laravel\\framework\\src\\Illuminate\\Foundation\\Application.php(1048): Illuminate\\Container\\Container->resolve()
#7 C:\\Users\\ishaa\\Desktop\\tr2-24-25-daw_tr2_g4\\back\\app\\vendor\\laravel\\framework\\src\\Illuminate\\Container\\Container.php(755): Illuminate\\Foundation\\Application->resolve()
#8 C:\\Users\\ishaa\\Desktop\\tr2-24-25-daw_tr2_g4\\back\\app\\vendor\\laravel\\framework\\src\\Illuminate\\Foundation\\Application.php(1030): Illuminate\\Container\\Container->make()
#9 C:\\Users\\ishaa\\Desktop\\tr2-24-25-daw_tr2_g4\\back\\app\\vendor\\laravel\\framework\\src\\Illuminate\\Container\\Container.php(1118): Illuminate\\Foundation\\Application->make()
#10 C:\\Users\\ishaa\\Desktop\\tr2-24-25-daw_tr2_g4\\back\\app\\vendor\\laravel\\framework\\src\\Illuminate\\Container\\Container.php(1028): Illuminate\\Container\\Container->resolveClass()
#11 C:\\Users\\ishaa\\Desktop\\tr2-24-25-daw_tr2_g4\\back\\app\\vendor\\laravel\\framework\\src\\Illuminate\\Container\\Container.php(979): Illuminate\\Container\\Container->resolveDependencies()
#12 C:\\Users\\ishaa\\Desktop\\tr2-24-25-daw_tr2_g4\\back\\app\\vendor\\laravel\\framework\\src\\Illuminate\\Container\\Container.php(819): Illuminate\\Container\\Container->build()
#13 C:\\Users\\ishaa\\Desktop\\tr2-24-25-daw_tr2_g4\\back\\app\\vendor\\laravel\\framework\\src\\Illuminate\\Foundation\\Application.php(1048): Illuminate\\Container\\Container->resolve()
#14 C:\\Users\\ishaa\\Desktop\\tr2-24-25-daw_tr2_g4\\back\\app\\vendor\\laravel\\framework\\src\\Illuminate\\Container\\Container.php(755): Illuminate\\Foundation\\Application->resolve()
#15 C:\\Users\\ishaa\\Desktop\\tr2-24-25-daw_tr2_g4\\back\\app\\vendor\\laravel\\framework\\src\\Illuminate\\Foundation\\Application.php(1030): Illuminate\\Container\\Container->make()
#16 C:\\Users\\ishaa\\Desktop\\tr2-24-25-daw_tr2_g4\\back\\app\\vendor\\laravel\\framework\\src\\Illuminate\\Foundation\\Http\\Kernel.php(258): Illuminate\\Foundation\\Application->make()
#17 C:\\Users\\ishaa\\Desktop\\tr2-24-25-daw_tr2_g4\\back\\app\\vendor\\laravel\\framework\\src\\Illuminate\\Foundation\\Http\\Kernel.php(216): Illuminate\\Foundation\\Http\\Kernel->terminateMiddleware()
#18 C:\\Users\\ishaa\\Desktop\\tr2-24-25-daw_tr2_g4\\back\\app\\vendor\\laravel\\framework\\src\\Illuminate\\Foundation\\Application.php(1192): Illuminate\\Foundation\\Http\\Kernel->terminate()
#19 C:\\Users\\ishaa\\Desktop\\tr2-24-25-daw_tr2_g4\\back\\app\\public\\index.php(17): Illuminate\\Foundation\\Application->handleRequest()
#20 C:\\Users\\ishaa\\Desktop\\tr2-24-25-daw_tr2_g4\\back\\app\\vendor\\laravel\\framework\\src\\Illuminate\\Foundation\\resources\\server.php(23): require_once('...')
#21 {main}
"} 
[2024-12-09 11:04:01] local.ERROR: There are no commands defined in the "generate" namespace. {"exception":"[object] (Symfony\\Component\\Console\\Exception\\NamespaceNotFoundException(code: 0): There are no commands defined in the \"generate\" namespace. at C:\\Users\\ishaa\\Desktop\\tr2-24-25-daw_tr2_g4\\back\\app\\vendor\\symfony\\console\\Application.php:660)
[stacktrace]
#0 C:\\Users\\ishaa\\Desktop\\tr2-24-25-daw_tr2_g4\\back\\app\\vendor\\symfony\\console\\Application.php(709): Symfony\\Component\\Console\\Application->findNamespace()
#1 C:\\Users\\ishaa\\Desktop\\tr2-24-25-daw_tr2_g4\\back\\app\\vendor\\symfony\\console\\Application.php(284): Symfony\\Component\\Console\\Application->find()
#2 C:\\Users\\ishaa\\Desktop\\tr2-24-25-daw_tr2_g4\\back\\app\\vendor\\symfony\\console\\Application.php(193): Symfony\\Component\\Console\\Application->doRun()
#3 C:\\Users\\ishaa\\Desktop\\tr2-24-25-daw_tr2_g4\\back\\app\\vendor\\laravel\\framework\\src\\Illuminate\\Foundation\\Console\\Kernel.php(197): Symfony\\Component\\Console\\Application->run()
#4 C:\\Users\\ishaa\\Desktop\\tr2-24-25-daw_tr2_g4\\back\\app\\vendor\\laravel\\framework\\src\\Illuminate\\Foundation\\Application.php(1205): Illuminate\\Foundation\\Console\\Kernel->handle()
#5 C:\\Users\\ishaa\\Desktop\\tr2-24-25-daw_tr2_g4\\back\\app\\artisan(13): Illuminate\\Foundation\\Application->handleCommand()
#6 {main}
"} 
[2024-12-09 11:04:39] local.ERROR: There are no commands defined in the "generate" namespace. {"exception":"[object] (Symfony\\Component\\Console\\Exception\\NamespaceNotFoundException(code: 0): There are no commands defined in the \"generate\" namespace. at C:\\Users\\ishaa\\Desktop\\tr2-24-25-daw_tr2_g4\\back\\app\\vendor\\symfony\\console\\Application.php:660)
[stacktrace]
#0 C:\\Users\\ishaa\\Desktop\\tr2-24-25-daw_tr2_g4\\back\\app\\vendor\\symfony\\console\\Application.php(709): Symfony\\Component\\Console\\Application->findNamespace()
#1 C:\\Users\\ishaa\\Desktop\\tr2-24-25-daw_tr2_g4\\back\\app\\vendor\\symfony\\console\\Application.php(284): Symfony\\Component\\Console\\Application->find()
#2 C:\\Users\\ishaa\\Desktop\\tr2-24-25-daw_tr2_g4\\back\\app\\vendor\\symfony\\console\\Application.php(193): Symfony\\Component\\Console\\Application->doRun()
#3 C:\\Users\\ishaa\\Desktop\\tr2-24-25-daw_tr2_g4\\back\\app\\vendor\\laravel\\framework\\src\\Illuminate\\Foundation\\Console\\Kernel.php(197): Symfony\\Component\\Console\\Application->run()
#4 C:\\Users\\ishaa\\Desktop\\tr2-24-25-daw_tr2_g4\\back\\app\\vendor\\laravel\\framework\\src\\Illuminate\\Foundation\\Application.php(1205): Illuminate\\Foundation\\Console\\Kernel->handle()
#5 C:\\Users\\ishaa\\Desktop\\tr2-24-25-daw_tr2_g4\\back\\app\\artisan(13): Illuminate\\Foundation\\Application->handleCommand()
#6 {main}
"} 
[2024-12-09 11:07:37] local.ERROR: SQLSTATE[42S22]: Column not found: 1054 Unknown column 'nivel' in 'field list' (Connection: mysql, SQL: insert into `partidas` (`operacion`, `respuesta_correcta`, `respuestaIncorrecta_1`, `respuestaIncorrecta_2`, `respuestaIncorrecta_3`, `nivel`, `duracion`, `updated_at`, `created_at`) values (3+1, 4, 1, 2, 3, 1, 30, 2024-12-09 11:07:37, 2024-12-09 11:07:37)) {"exception":"[object] (Illuminate\\Database\\QueryException(code: 42S22): SQLSTATE[42S22]: Column not found: 1054 Unknown column 'nivel' in 'field list' (Connection: mysql, SQL: insert into `partidas` (`operacion`, `respuesta_correcta`, `respuestaIncorrecta_1`, `respuestaIncorrecta_2`, `respuestaIncorrecta_3`, `nivel`, `duracion`, `updated_at`, `created_at`) values (3+1, 4, 1, 2, 3, 1, 30, 2024-12-09 11:07:37, 2024-12-09 11:07:37)) at C:\\Users\\ishaa\\Desktop\\tr2-24-25-daw_tr2_g4\\back\\app\\vendor\\laravel\\framework\\src\\Illuminate\\Database\\Connection.php:825)
[stacktrace]
#0 C:\\Users\\ishaa\\Desktop\\tr2-24-25-daw_tr2_g4\\back\\app\\vendor\\laravel\\framework\\src\\Illuminate\\Database\\Connection.php(779): Illuminate\\Database\\Connection->runQueryCallback()
#1 C:\\Users\\ishaa\\Desktop\\tr2-24-25-daw_tr2_g4\\back\\app\\vendor\\laravel\\framework\\src\\Illuminate\\Database\\MySqlConnection.php(42): Illuminate\\Database\\Connection->run()
#2 C:\\Users\\ishaa\\Desktop\\tr2-24-25-daw_tr2_g4\\back\\app\\vendor\\laravel\\framework\\src\\Illuminate\\Database\\Query\\Processors\\MySqlProcessor.php(35): Illuminate\\Database\\MySqlConnection->insert()
#3 C:\\Users\\ishaa\\Desktop\\tr2-24-25-daw_tr2_g4\\back\\app\\vendor\\laravel\\framework\\src\\Illuminate\\Database\\Query\\Builder.php(3799): Illuminate\\Database\\Query\\Processors\\MySqlProcessor->processInsertGetId()
#4 C:\\Users\\ishaa\\Desktop\\tr2-24-25-daw_tr2_g4\\back\\app\\vendor\\laravel\\framework\\src\\Illuminate\\Database\\Eloquent\\Builder.php(2049): Illuminate\\Database\\Query\\Builder->insertGetId()
#5 C:\\Users\\ishaa\\Desktop\\tr2-24-25-daw_tr2_g4\\back\\app\\vendor\\laravel\\framework\\src\\Illuminate\\Database\\Eloquent\\Model.php(1358): Illuminate\\Database\\Eloquent\\Builder->__call()
#6 C:\\Users\\ishaa\\Desktop\\tr2-24-25-daw_tr2_g4\\back\\app\\vendor\\laravel\\framework\\src\\Illuminate\\Database\\Eloquent\\Model.php(1323): Illuminate\\Database\\Eloquent\\Model->insertAndSetId()
#7 C:\\Users\\ishaa\\Desktop\\tr2-24-25-daw_tr2_g4\\back\\app\\vendor\\laravel\\framework\\src\\Illuminate\\Database\\Eloquent\\Model.php(1162): Illuminate\\Database\\Eloquent\\Model->performInsert()
#8 C:\\Users\\ishaa\\Desktop\\tr2-24-25-daw_tr2_g4\\back\\app\\vendor\\laravel\\framework\\src\\Illuminate\\Database\\Eloquent\\Builder.php(1079): Illuminate\\Database\\Eloquent\\Model->save()
#9 C:\\Users\\ishaa\\Desktop\\tr2-24-25-daw_tr2_g4\\back\\app\\vendor\\laravel\\framework\\src\\Illuminate\\Support\\helpers.php(393): Illuminate\\Database\\Eloquent\\Builder->Illuminate\\Database\\Eloquent\\{closure}()
#10 C:\\Users\\ishaa\\Desktop\\tr2-24-25-daw_tr2_g4\\back\\app\\vendor\\laravel\\framework\\src\\Illuminate\\Database\\Eloquent\\Builder.php(1078): tap()
#11 C:\\Users\\ishaa\\Desktop\\tr2-24-25-daw_tr2_g4\\back\\app\\vendor\\laravel\\framework\\src\\Illuminate\\Support\\Traits\\ForwardsCalls.php(23): Illuminate\\Database\\Eloquent\\Builder->create()
#12 C:\\Users\\ishaa\\Desktop\\tr2-24-25-daw_tr2_g4\\back\\app\\vendor\\laravel\\framework\\src\\Illuminate\\Database\\Eloquent\\Model.php(2367): Illuminate\\Database\\Eloquent\\Model->forwardCallTo()
#13 C:\\Users\\ishaa\\Desktop\\tr2-24-25-daw_tr2_g4\\back\\app\\vendor\\laravel\\framework\\src\\Illuminate\\Database\\Eloquent\\Model.php(2379): Illuminate\\Database\\Eloquent\\Model->__call()
#14 C:\\Users\\ishaa\\Desktop\\tr2-24-25-daw_tr2_g4\\back\\app\\app\\Http\\Controllers\\PartidaController.php(58): Illuminate\\Database\\Eloquent\\Model::__callStatic()
#15 C:\\Users\\ishaa\\Desktop\\tr2-24-25-daw_tr2_g4\\back\\app\\vendor\\laravel\\framework\\src\\Illuminate\\Routing\\ControllerDispatcher.php(46): App\\Http\\Controllers\\PartidaController->store()
#16 C:\\Users\\ishaa\\Desktop\\tr2-24-25-daw_tr2_g4\\back\\app\\vendor\\laravel\\framework\\src\\Illuminate\\Routing\\Route.php(265): Illuminate\\Routing\\ControllerDispatcher->dispatch()
#17 C:\\Users\\ishaa\\Desktop\\tr2-24-25-daw_tr2_g4\\back\\app\\vendor\\laravel\\framework\\src\\Illuminate\\Routing\\Route.php(211): Illuminate\\Routing\\Route->runController()
#18 C:\\Users\\ishaa\\Desktop\\tr2-24-25-daw_tr2_g4\\back\\app\\vendor\\laravel\\framework\\src\\Illuminate\\Routing\\Router.php(808): Illuminate\\Routing\\Route->run()
#19 C:\\Users\\ishaa\\Desktop\\tr2-24-25-daw_tr2_g4\\back\\app\\vendor\\laravel\\framework\\src\\Illuminate\\Pipeline\\Pipeline.php(144): Illuminate\\Routing\\Router->Illuminate\\Routing\\{closure}()
#20 C:\\Users\\ishaa\\Desktop\\tr2-24-25-daw_tr2_g4\\back\\app\\vendor\\laravel\\framework\\src\\Illuminate\\Routing\\Middleware\\SubstituteBindings.php(51): Illuminate\\Pipeline\\Pipeline->Illuminate\\Pipeline\\{closure}()
#21 C:\\Users\\ishaa\\Desktop\\tr2-24-25-daw_tr2_g4\\back\\app\\vendor\\laravel\\framework\\src\\Illuminate\\Pipeline\\Pipeline.php(183): Illuminate\\Routing\\Middleware\\SubstituteBindings->handle()
#22 C:\\Users\\ishaa\\Desktop\\tr2-24-25-daw_tr2_g4\\back\\app\\vendor\\laravel\\framework\\src\\Illuminate\\Foundation\\Http\\Middleware\\VerifyCsrfToken.php(88): Illuminate\\Pipeline\\Pipeline->Illuminate\\Pipeline\\{closure}()
#23 C:\\Users\\ishaa\\Desktop\\tr2-24-25-daw_tr2_g4\\back\\app\\vendor\\laravel\\framework\\src\\Illuminate\\Pipeline\\Pipeline.php(183): Illuminate\\Foundation\\Http\\Middleware\\VerifyCsrfToken->handle()
#24 C:\\Users\\ishaa\\Desktop\\tr2-24-25-daw_tr2_g4\\back\\app\\vendor\\laravel\\framework\\src\\Illuminate\\View\\Middleware\\ShareErrorsFromSession.php(49): Illuminate\\Pipeline\\Pipeline->Illuminate\\Pipeline\\{closure}()
#25 C:\\Users\\ishaa\\Desktop\\tr2-24-25-daw_tr2_g4\\back\\app\\vendor\\laravel\\framework\\src\\Illuminate\\Pipeline\\Pipeline.php(183): Illuminate\\View\\Middleware\\ShareErrorsFromSession->handle()
#26 C:\\Users\\ishaa\\Desktop\\tr2-24-25-daw_tr2_g4\\back\\app\\vendor\\laravel\\framework\\src\\Illuminate\\Session\\Middleware\\StartSession.php(121): Illuminate\\Pipeline\\Pipeline->Illuminate\\Pipeline\\{closure}()
#27 C:\\Users\\ishaa\\Desktop\\tr2-24-25-daw_tr2_g4\\back\\app\\vendor\\laravel\\framework\\src\\Illuminate\\Session\\Middleware\\StartSession.php(64): Illuminate\\Session\\Middleware\\StartSession->handleStatefulRequest()
#28 C:\\Users\\ishaa\\Desktop\\tr2-24-25-daw_tr2_g4\\back\\app\\vendor\\laravel\\framework\\src\\Illuminate\\Pipeline\\Pipeline.php(183): Illuminate\\Session\\Middleware\\StartSession->handle()
#29 C:\\Users\\ishaa\\Desktop\\tr2-24-25-daw_tr2_g4\\back\\app\\vendor\\laravel\\framework\\src\\Illuminate\\Cookie\\Middleware\\AddQueuedCookiesToResponse.php(37): Illuminate\\Pipeline\\Pipeline->Illuminate\\Pipeline\\{closure}()
#30 C:\\Users\\ishaa\\Desktop\\tr2-24-25-daw_tr2_g4\\back\\app\\vendor\\laravel\\framework\\src\\Illuminate\\Pipeline\\Pipeline.php(183): Illuminate\\Cookie\\Middleware\\AddQueuedCookiesToResponse->handle()
#31 C:\\Users\\ishaa\\Desktop\\tr2-24-25-daw_tr2_g4\\back\\app\\vendor\\laravel\\framework\\src\\Illuminate\\Cookie\\Middleware\\EncryptCookies.php(75): Illuminate\\Pipeline\\Pipeline->Illuminate\\Pipeline\\{closure}()
#32 C:\\Users\\ishaa\\Desktop\\tr2-24-25-daw_tr2_g4\\back\\app\\vendor\\laravel\\framework\\src\\Illuminate\\Pipeline\\Pipeline.php(183): Illuminate\\Cookie\\Middleware\\EncryptCookies->handle()
#33 C:\\Users\\ishaa\\Desktop\\tr2-24-25-daw_tr2_g4\\back\\app\\vendor\\laravel\\framework\\src\\Illuminate\\Pipeline\\Pipeline.php(119): Illuminate\\Pipeline\\Pipeline->Illuminate\\Pipeline\\{closure}()
#34 C:\\Users\\ishaa\\Desktop\\tr2-24-25-daw_tr2_g4\\back\\app\\vendor\\laravel\\framework\\src\\Illuminate\\Routing\\Router.php(807): Illuminate\\Pipeline\\Pipeline->then()
#35 C:\\Users\\ishaa\\Desktop\\tr2-24-25-daw_tr2_g4\\back\\app\\vendor\\laravel\\framework\\src\\Illuminate\\Routing\\Router.php(786): Illuminate\\Routing\\Router->runRouteWithinStack()
#36 C:\\Users\\ishaa\\Desktop\\tr2-24-25-daw_tr2_g4\\back\\app\\vendor\\laravel\\framework\\src\\Illuminate\\Routing\\Router.php(750): Illuminate\\Routing\\Router->runRoute()
#37 C:\\Users\\ishaa\\Desktop\\tr2-24-25-daw_tr2_g4\\back\\app\\vendor\\laravel\\framework\\src\\Illuminate\\Routing\\Router.php(739): Illuminate\\Routing\\Router->dispatchToRoute()
#38 C:\\Users\\ishaa\\Desktop\\tr2-24-25-daw_tr2_g4\\back\\app\\vendor\\laravel\\framework\\src\\Illuminate\\Foundation\\Http\\Kernel.php(201): Illuminate\\Routing\\Router->dispatch()
#39 C:\\Users\\ishaa\\Desktop\\tr2-24-25-daw_tr2_g4\\back\\app\\vendor\\laravel\\framework\\src\\Illuminate\\Pipeline\\Pipeline.php(144): Illuminate\\Foundation\\Http\\Kernel->Illuminate\\Foundation\\Http\\{closure}()
#40 C:\\Users\\ishaa\\Desktop\\tr2-24-25-daw_tr2_g4\\back\\app\\vendor\\laravel\\framework\\src\\Illuminate\\Foundation\\Http\\Middleware\\TransformsRequest.php(21): Illuminate\\Pipeline\\Pipeline->Illuminate\\Pipeline\\{closure}()
#41 C:\\Users\\ishaa\\Desktop\\tr2-24-25-daw_tr2_g4\\back\\app\\vendor\\laravel\\framework\\src\\Illuminate\\Foundation\\Http\\Middleware\\ConvertEmptyStringsToNull.php(31): Illuminate\\Foundation\\Http\\Middleware\\TransformsRequest->handle()
#42 C:\\Users\\ishaa\\Desktop\\tr2-24-25-daw_tr2_g4\\back\\app\\vendor\\laravel\\framework\\src\\Illuminate\\Pipeline\\Pipeline.php(183): Illuminate\\Foundation\\Http\\Middleware\\ConvertEmptyStringsToNull->handle()
#43 C:\\Users\\ishaa\\Desktop\\tr2-24-25-daw_tr2_g4\\back\\app\\vendor\\laravel\\framework\\src\\Illuminate\\Foundation\\Http\\Middleware\\TransformsRequest.php(21): Illuminate\\Pipeline\\Pipeline->Illuminate\\Pipeline\\{closure}()
#44 C:\\Users\\ishaa\\Desktop\\tr2-24-25-daw_tr2_g4\\back\\app\\vendor\\laravel\\framework\\src\\Illuminate\\Foundation\\Http\\Middleware\\TrimStrings.php(51): Illuminate\\Foundation\\Http\\Middleware\\TransformsRequest->handle()
#45 C:\\Users\\ishaa\\Desktop\\tr2-24-25-daw_tr2_g4\\back\\app\\vendor\\laravel\\framework\\src\\Illuminate\\Pipeline\\Pipeline.php(183): Illuminate\\Foundation\\Http\\Middleware\\TrimStrings->handle()
#46 C:\\Users\\ishaa\\Desktop\\tr2-24-25-daw_tr2_g4\\back\\app\\vendor\\laravel\\framework\\src\\Illuminate\\Http\\Middleware\\ValidatePostSize.php(27): Illuminate\\Pipeline\\Pipeline->Illuminate\\Pipeline\\{closure}()
#47 C:\\Users\\ishaa\\Desktop\\tr2-24-25-daw_tr2_g4\\back\\app\\vendor\\laravel\\framework\\src\\Illuminate\\Pipeline\\Pipeline.php(183): Illuminate\\Http\\Middleware\\ValidatePostSize->handle()
#48 C:\\Users\\ishaa\\Desktop\\tr2-24-25-daw_tr2_g4\\back\\app\\vendor\\laravel\\framework\\src\\Illuminate\\Foundation\\Http\\Middleware\\PreventRequestsDuringMaintenance.php(110): Illuminate\\Pipeline\\Pipeline->Illuminate\\Pipeline\\{closure}()
#49 C:\\Users\\ishaa\\Desktop\\tr2-24-25-daw_tr2_g4\\back\\app\\vendor\\laravel\\framework\\src\\Illuminate\\Pipeline\\Pipeline.php(183): Illuminate\\Foundation\\Http\\Middleware\\PreventRequestsDuringMaintenance->handle()
#50 C:\\Users\\ishaa\\Desktop\\tr2-24-25-daw_tr2_g4\\back\\app\\vendor\\laravel\\framework\\src\\Illuminate\\Http\\Middleware\\HandleCors.php(49): Illuminate\\Pipeline\\Pipeline->Illuminate\\Pipeline\\{closure}()
#51 C:\\Users\\ishaa\\Desktop\\tr2-24-25-daw_tr2_g4\\back\\app\\vendor\\laravel\\framework\\src\\Illuminate\\Pipeline\\Pipeline.php(183): Illuminate\\Http\\Middleware\\HandleCors->handle()
#52 C:\\Users\\ishaa\\Desktop\\tr2-24-25-daw_tr2_g4\\back\\app\\vendor\\laravel\\framework\\src\\Illuminate\\Http\\Middleware\\TrustProxies.php(58): Illuminate\\Pipeline\\Pipeline->Illuminate\\Pipeline\\{closure}()
#53 C:\\Users\\ishaa\\Desktop\\tr2-24-25-daw_tr2_g4\\back\\app\\vendor\\laravel\\framework\\src\\Illuminate\\Pipeline\\Pipeline.php(183): Illuminate\\Http\\Middleware\\TrustProxies->handle()
#54 C:\\Users\\ishaa\\Desktop\\tr2-24-25-daw_tr2_g4\\back\\app\\vendor\\laravel\\framework\\src\\Illuminate\\Foundation\\Http\\Middleware\\InvokeDeferredCallbacks.php(22): Illuminate\\Pipeline\\Pipeline->Illuminate\\Pipeline\\{closure}()
#55 C:\\Users\\ishaa\\Desktop\\tr2-24-25-daw_tr2_g4\\back\\app\\vendor\\laravel\\framework\\src\\Illuminate\\Pipeline\\Pipeline.php(183): Illuminate\\Foundation\\Http\\Middleware\\InvokeDeferredCallbacks->handle()
#56 C:\\Users\\ishaa\\Desktop\\tr2-24-25-daw_tr2_g4\\back\\app\\vendor\\laravel\\framework\\src\\Illuminate\\Pipeline\\Pipeline.php(119): Illuminate\\Pipeline\\Pipeline->Illuminate\\Pipeline\\{closure}()
#57 C:\\Users\\ishaa\\Desktop\\tr2-24-25-daw_tr2_g4\\back\\app\\vendor\\laravel\\framework\\src\\Illuminate\\Foundation\\Http\\Kernel.php(176): Illuminate\\Pipeline\\Pipeline->then()
#58 C:\\Users\\ishaa\\Desktop\\tr2-24-25-daw_tr2_g4\\back\\app\\vendor\\laravel\\framework\\src\\Illuminate\\Foundation\\Http\\Kernel.php(145): Illuminate\\Foundation\\Http\\Kernel->sendRequestThroughRouter()
#59 C:\\Users\\ishaa\\Desktop\\tr2-24-25-daw_tr2_g4\\back\\app\\vendor\\laravel\\framework\\src\\Illuminate\\Foundation\\Application.php(1190): Illuminate\\Foundation\\Http\\Kernel->handle()
#60 C:\\Users\\ishaa\\Desktop\\tr2-24-25-daw_tr2_g4\\back\\app\\public\\index.php(17): Illuminate\\Foundation\\Application->handleRequest()
#61 C:\\Users\\ishaa\\Desktop\\tr2-24-25-daw_tr2_g4\\back\\app\\vendor\\laravel\\framework\\src\\Illuminate\\Foundation\\resources\\server.php(23): require_once('...')
#62 {main}

[previous exception] [object] (PDOException(code: 42S22): SQLSTATE[42S22]: Column not found: 1054 Unknown column 'nivel' in 'field list' at C:\\Users\\ishaa\\Desktop\\tr2-24-25-daw_tr2_g4\\back\\app\\vendor\\laravel\\framework\\src\\Illuminate\\Database\\MySqlConnection.php:47)
[stacktrace]
#0 C:\\Users\\ishaa\\Desktop\\tr2-24-25-daw_tr2_g4\\back\\app\\vendor\\laravel\\framework\\src\\Illuminate\\Database\\MySqlConnection.php(47): PDO->prepare()
#1 C:\\Users\\ishaa\\Desktop\\tr2-24-25-daw_tr2_g4\\back\\app\\vendor\\laravel\\framework\\src\\Illuminate\\Database\\Connection.php(812): Illuminate\\Database\\MySqlConnection->Illuminate\\Database\\{closure}()
#2 C:\\Users\\ishaa\\Desktop\\tr2-24-25-daw_tr2_g4\\back\\app\\vendor\\laravel\\framework\\src\\Illuminate\\Database\\Connection.php(779): Illuminate\\Database\\Connection->runQueryCallback()
#3 C:\\Users\\ishaa\\Desktop\\tr2-24-25-daw_tr2_g4\\back\\app\\vendor\\laravel\\framework\\src\\Illuminate\\Database\\MySqlConnection.php(42): Illuminate\\Database\\Connection->run()
#4 C:\\Users\\ishaa\\Desktop\\tr2-24-25-daw_tr2_g4\\back\\app\\vendor\\laravel\\framework\\src\\Illuminate\\Database\\Query\\Processors\\MySqlProcessor.php(35): Illuminate\\Database\\MySqlConnection->insert()
#5 C:\\Users\\ishaa\\Desktop\\tr2-24-25-daw_tr2_g4\\back\\app\\vendor\\laravel\\framework\\src\\Illuminate\\Database\\Query\\Builder.php(3799): Illuminate\\Database\\Query\\Processors\\MySqlProcessor->processInsertGetId()
#6 C:\\Users\\ishaa\\Desktop\\tr2-24-25-daw_tr2_g4\\back\\app\\vendor\\laravel\\framework\\src\\Illuminate\\Database\\Eloquent\\Builder.php(2049): Illuminate\\Database\\Query\\Builder->insertGetId()
#7 C:\\Users\\ishaa\\Desktop\\tr2-24-25-daw_tr2_g4\\back\\app\\vendor\\laravel\\framework\\src\\Illuminate\\Database\\Eloquent\\Model.php(1358): Illuminate\\Database\\Eloquent\\Builder->__call()
#8 C:\\Users\\ishaa\\Desktop\\tr2-24-25-daw_tr2_g4\\back\\app\\vendor\\laravel\\framework\\src\\Illuminate\\Database\\Eloquent\\Model.php(1323): Illuminate\\Database\\Eloquent\\Model->insertAndSetId()
#9 C:\\Users\\ishaa\\Desktop\\tr2-24-25-daw_tr2_g4\\back\\app\\vendor\\laravel\\framework\\src\\Illuminate\\Database\\Eloquent\\Model.php(1162): Illuminate\\Database\\Eloquent\\Model->performInsert()
#10 C:\\Users\\ishaa\\Desktop\\tr2-24-25-daw_tr2_g4\\back\\app\\vendor\\laravel\\framework\\src\\Illuminate\\Database\\Eloquent\\Builder.php(1079): Illuminate\\Database\\Eloquent\\Model->save()
#11 C:\\Users\\ishaa\\Desktop\\tr2-24-25-daw_tr2_g4\\back\\app\\vendor\\laravel\\framework\\src\\Illuminate\\Support\\helpers.php(393): Illuminate\\Database\\Eloquent\\Builder->Illuminate\\Database\\Eloquent\\{closure}()
#12 C:\\Users\\ishaa\\Desktop\\tr2-24-25-daw_tr2_g4\\back\\app\\vendor\\laravel\\framework\\src\\Illuminate\\Database\\Eloquent\\Builder.php(1078): tap()
#13 C:\\Users\\ishaa\\Desktop\\tr2-24-25-daw_tr2_g4\\back\\app\\vendor\\laravel\\framework\\src\\Illuminate\\Support\\Traits\\ForwardsCalls.php(23): Illuminate\\Database\\Eloquent\\Builder->create()
#14 C:\\Users\\ishaa\\Desktop\\tr2-24-25-daw_tr2_g4\\back\\app\\vendor\\laravel\\framework\\src\\Illuminate\\Database\\Eloquent\\Model.php(2367): Illuminate\\Database\\Eloquent\\Model->forwardCallTo()
#15 C:\\Users\\ishaa\\Desktop\\tr2-24-25-daw_tr2_g4\\back\\app\\vendor\\laravel\\framework\\src\\Illuminate\\Database\\Eloquent\\Model.php(2379): Illuminate\\Database\\Eloquent\\Model->__call()
#16 C:\\Users\\ishaa\\Desktop\\tr2-24-25-daw_tr2_g4\\back\\app\\app\\Http\\Controllers\\PartidaController.php(58): Illuminate\\Database\\Eloquent\\Model::__callStatic()
#17 C:\\Users\\ishaa\\Desktop\\tr2-24-25-daw_tr2_g4\\back\\app\\vendor\\laravel\\framework\\src\\Illuminate\\Routing\\ControllerDispatcher.php(46): App\\Http\\Controllers\\PartidaController->store()
#18 C:\\Users\\ishaa\\Desktop\\tr2-24-25-daw_tr2_g4\\back\\app\\vendor\\laravel\\framework\\src\\Illuminate\\Routing\\Route.php(265): Illuminate\\Routing\\ControllerDispatcher->dispatch()
#19 C:\\Users\\ishaa\\Desktop\\tr2-24-25-daw_tr2_g4\\back\\app\\vendor\\laravel\\framework\\src\\Illuminate\\Routing\\Route.php(211): Illuminate\\Routing\\Route->runController()
#20 C:\\Users\\ishaa\\Desktop\\tr2-24-25-daw_tr2_g4\\back\\app\\vendor\\laravel\\framework\\src\\Illuminate\\Routing\\Router.php(808): Illuminate\\Routing\\Route->run()
#21 C:\\Users\\ishaa\\Desktop\\tr2-24-25-daw_tr2_g4\\back\\app\\vendor\\laravel\\framework\\src\\Illuminate\\Pipeline\\Pipeline.php(144): Illuminate\\Routing\\Router->Illuminate\\Routing\\{closure}()
#22 C:\\Users\\ishaa\\Desktop\\tr2-24-25-daw_tr2_g4\\back\\app\\vendor\\laravel\\framework\\src\\Illuminate\\Routing\\Middleware\\SubstituteBindings.php(51): Illuminate\\Pipeline\\Pipeline->Illuminate\\Pipeline\\{closure}()
#23 C:\\Users\\ishaa\\Desktop\\tr2-24-25-daw_tr2_g4\\back\\app\\vendor\\laravel\\framework\\src\\Illuminate\\Pipeline\\Pipeline.php(183): Illuminate\\Routing\\Middleware\\SubstituteBindings->handle()
#24 C:\\Users\\ishaa\\Desktop\\tr2-24-25-daw_tr2_g4\\back\\app\\vendor\\laravel\\framework\\src\\Illuminate\\Foundation\\Http\\Middleware\\VerifyCsrfToken.php(88): Illuminate\\Pipeline\\Pipeline->Illuminate\\Pipeline\\{closure}()
#25 C:\\Users\\ishaa\\Desktop\\tr2-24-25-daw_tr2_g4\\back\\app\\vendor\\laravel\\framework\\src\\Illuminate\\Pipeline\\Pipeline.php(183): Illuminate\\Foundation\\Http\\Middleware\\VerifyCsrfToken->handle()
#26 C:\\Users\\ishaa\\Desktop\\tr2-24-25-daw_tr2_g4\\back\\app\\vendor\\laravel\\framework\\src\\Illuminate\\View\\Middleware\\ShareErrorsFromSession.php(49): Illuminate\\Pipeline\\Pipeline->Illuminate\\Pipeline\\{closure}()
#27 C:\\Users\\ishaa\\Desktop\\tr2-24-25-daw_tr2_g4\\back\\app\\vendor\\laravel\\framework\\src\\Illuminate\\Pipeline\\Pipeline.php(183): Illuminate\\View\\Middleware\\ShareErrorsFromSession->handle()
#28 C:\\Users\\ishaa\\Desktop\\tr2-24-25-daw_tr2_g4\\back\\app\\vendor\\laravel\\framework\\src\\Illuminate\\Session\\Middleware\\StartSession.php(121): Illuminate\\Pipeline\\Pipeline->Illuminate\\Pipeline\\{closure}()
#29 C:\\Users\\ishaa\\Desktop\\tr2-24-25-daw_tr2_g4\\back\\app\\vendor\\laravel\\framework\\src\\Illuminate\\Session\\Middleware\\StartSession.php(64): Illuminate\\Session\\Middleware\\StartSession->handleStatefulRequest()
#30 C:\\Users\\ishaa\\Desktop\\tr2-24-25-daw_tr2_g4\\back\\app\\vendor\\laravel\\framework\\src\\Illuminate\\Pipeline\\Pipeline.php(183): Illuminate\\Session\\Middleware\\StartSession->handle()
#31 C:\\Users\\ishaa\\Desktop\\tr2-24-25-daw_tr2_g4\\back\\app\\vendor\\laravel\\framework\\src\\Illuminate\\Cookie\\Middleware\\AddQueuedCookiesToResponse.php(37): Illuminate\\Pipeline\\Pipeline->Illuminate\\Pipeline\\{closure}()
#32 C:\\Users\\ishaa\\Desktop\\tr2-24-25-daw_tr2_g4\\back\\app\\vendor\\laravel\\framework\\src\\Illuminate\\Pipeline\\Pipeline.php(183): Illuminate\\Cookie\\Middleware\\AddQueuedCookiesToResponse->handle()
#33 C:\\Users\\ishaa\\Desktop\\tr2-24-25-daw_tr2_g4\\back\\app\\vendor\\laravel\\framework\\src\\Illuminate\\Cookie\\Middleware\\EncryptCookies.php(75): Illuminate\\Pipeline\\Pipeline->Illuminate\\Pipeline\\{closure}()
#34 C:\\Users\\ishaa\\Desktop\\tr2-24-25-daw_tr2_g4\\back\\app\\vendor\\laravel\\framework\\src\\Illuminate\\Pipeline\\Pipeline.php(183): Illuminate\\Cookie\\Middleware\\EncryptCookies->handle()
#35 C:\\Users\\ishaa\\Desktop\\tr2-24-25-daw_tr2_g4\\back\\app\\vendor\\laravel\\framework\\src\\Illuminate\\Pipeline\\Pipeline.php(119): Illuminate\\Pipeline\\Pipeline->Illuminate\\Pipeline\\{closure}()
#36 C:\\Users\\ishaa\\Desktop\\tr2-24-25-daw_tr2_g4\\back\\app\\vendor\\laravel\\framework\\src\\Illuminate\\Routing\\Router.php(807): Illuminate\\Pipeline\\Pipeline->then()
#37 C:\\Users\\ishaa\\Desktop\\tr2-24-25-daw_tr2_g4\\back\\app\\vendor\\laravel\\framework\\src\\Illuminate\\Routing\\Router.php(786): Illuminate\\Routing\\Router->runRouteWithinStack()
#38 C:\\Users\\ishaa\\Desktop\\tr2-24-25-daw_tr2_g4\\back\\app\\vendor\\laravel\\framework\\src\\Illuminate\\Routing\\Router.php(750): Illuminate\\Routing\\Router->runRoute()
#39 C:\\Users\\ishaa\\Desktop\\tr2-24-25-daw_tr2_g4\\back\\app\\vendor\\laravel\\framework\\src\\Illuminate\\Routing\\Router.php(739): Illuminate\\Routing\\Router->dispatchToRoute()
#40 C:\\Users\\ishaa\\Desktop\\tr2-24-25-daw_tr2_g4\\back\\app\\vendor\\laravel\\framework\\src\\Illuminate\\Foundation\\Http\\Kernel.php(201): Illuminate\\Routing\\Router->dispatch()
#41 C:\\Users\\ishaa\\Desktop\\tr2-24-25-daw_tr2_g4\\back\\app\\vendor\\laravel\\framework\\src\\Illuminate\\Pipeline\\Pipeline.php(144): Illuminate\\Foundation\\Http\\Kernel->Illuminate\\Foundation\\Http\\{closure}()
#42 C:\\Users\\ishaa\\Desktop\\tr2-24-25-daw_tr2_g4\\back\\app\\vendor\\laravel\\framework\\src\\Illuminate\\Foundation\\Http\\Middleware\\TransformsRequest.php(21): Illuminate\\Pipeline\\Pipeline->Illuminate\\Pipeline\\{closure}()
#43 C:\\Users\\ishaa\\Desktop\\tr2-24-25-daw_tr2_g4\\back\\app\\vendor\\laravel\\framework\\src\\Illuminate\\Foundation\\Http\\Middleware\\ConvertEmptyStringsToNull.php(31): Illuminate\\Foundation\\Http\\Middleware\\TransformsRequest->handle()
#44 C:\\Users\\ishaa\\Desktop\\tr2-24-25-daw_tr2_g4\\back\\app\\vendor\\laravel\\framework\\src\\Illuminate\\Pipeline\\Pipeline.php(183): Illuminate\\Foundation\\Http\\Middleware\\ConvertEmptyStringsToNull->handle()
#45 C:\\Users\\ishaa\\Desktop\\tr2-24-25-daw_tr2_g4\\back\\app\\vendor\\laravel\\framework\\src\\Illuminate\\Foundation\\Http\\Middleware\\TransformsRequest.php(21): Illuminate\\Pipeline\\Pipeline->Illuminate\\Pipeline\\{closure}()
#46 C:\\Users\\ishaa\\Desktop\\tr2-24-25-daw_tr2_g4\\back\\app\\vendor\\laravel\\framework\\src\\Illuminate\\Foundation\\Http\\Middleware\\TrimStrings.php(51): Illuminate\\Foundation\\Http\\Middleware\\TransformsRequest->handle()
#47 C:\\Users\\ishaa\\Desktop\\tr2-24-25-daw_tr2_g4\\back\\app\\vendor\\laravel\\framework\\src\\Illuminate\\Pipeline\\Pipeline.php(183): Illuminate\\Foundation\\Http\\Middleware\\TrimStrings->handle()
#48 C:\\Users\\ishaa\\Desktop\\tr2-24-25-daw_tr2_g4\\back\\app\\vendor\\laravel\\framework\\src\\Illuminate\\Http\\Middleware\\ValidatePostSize.php(27): Illuminate\\Pipeline\\Pipeline->Illuminate\\Pipeline\\{closure}()
#49 C:\\Users\\ishaa\\Desktop\\tr2-24-25-daw_tr2_g4\\back\\app\\vendor\\laravel\\framework\\src\\Illuminate\\Pipeline\\Pipeline.php(183): Illuminate\\Http\\Middleware\\ValidatePostSize->handle()
#50 C:\\Users\\ishaa\\Desktop\\tr2-24-25-daw_tr2_g4\\back\\app\\vendor\\laravel\\framework\\src\\Illuminate\\Foundation\\Http\\Middleware\\PreventRequestsDuringMaintenance.php(110): Illuminate\\Pipeline\\Pipeline->Illuminate\\Pipeline\\{closure}()
#51 C:\\Users\\ishaa\\Desktop\\tr2-24-25-daw_tr2_g4\\back\\app\\vendor\\laravel\\framework\\src\\Illuminate\\Pipeline\\Pipeline.php(183): Illuminate\\Foundation\\Http\\Middleware\\PreventRequestsDuringMaintenance->handle()
#52 C:\\Users\\ishaa\\Desktop\\tr2-24-25-daw_tr2_g4\\back\\app\\vendor\\laravel\\framework\\src\\Illuminate\\Http\\Middleware\\HandleCors.php(49): Illuminate\\Pipeline\\Pipeline->Illuminate\\Pipeline\\{closure}()
#53 C:\\Users\\ishaa\\Desktop\\tr2-24-25-daw_tr2_g4\\back\\app\\vendor\\laravel\\framework\\src\\Illuminate\\Pipeline\\Pipeline.php(183): Illuminate\\Http\\Middleware\\HandleCors->handle()
#54 C:\\Users\\ishaa\\Desktop\\tr2-24-25-daw_tr2_g4\\back\\app\\vendor\\laravel\\framework\\src\\Illuminate\\Http\\Middleware\\TrustProxies.php(58): Illuminate\\Pipeline\\Pipeline->Illuminate\\Pipeline\\{closure}()
#55 C:\\Users\\ishaa\\Desktop\\tr2-24-25-daw_tr2_g4\\back\\app\\vendor\\laravel\\framework\\src\\Illuminate\\Pipeline\\Pipeline.php(183): Illuminate\\Http\\Middleware\\TrustProxies->handle()
#56 C:\\Users\\ishaa\\Desktop\\tr2-24-25-daw_tr2_g4\\back\\app\\vendor\\laravel\\framework\\src\\Illuminate\\Foundation\\Http\\Middleware\\InvokeDeferredCallbacks.php(22): Illuminate\\Pipeline\\Pipeline->Illuminate\\Pipeline\\{closure}()
#57 C:\\Users\\ishaa\\Desktop\\tr2-24-25-daw_tr2_g4\\back\\app\\vendor\\laravel\\framework\\src\\Illuminate\\Pipeline\\Pipeline.php(183): Illuminate\\Foundation\\Http\\Middleware\\InvokeDeferredCallbacks->handle()
#58 C:\\Users\\ishaa\\Desktop\\tr2-24-25-daw_tr2_g4\\back\\app\\vendor\\laravel\\framework\\src\\Illuminate\\Pipeline\\Pipeline.php(119): Illuminate\\Pipeline\\Pipeline->Illuminate\\Pipeline\\{closure}()
#59 C:\\Users\\ishaa\\Desktop\\tr2-24-25-daw_tr2_g4\\back\\app\\vendor\\laravel\\framework\\src\\Illuminate\\Foundation\\Http\\Kernel.php(176): Illuminate\\Pipeline\\Pipeline->then()
#60 C:\\Users\\ishaa\\Desktop\\tr2-24-25-daw_tr2_g4\\back\\app\\vendor\\laravel\\framework\\src\\Illuminate\\Foundation\\Http\\Kernel.php(145): Illuminate\\Foundation\\Http\\Kernel->sendRequestThroughRouter()
#61 C:\\Users\\ishaa\\Desktop\\tr2-24-25-daw_tr2_g4\\back\\app\\vendor\\laravel\\framework\\src\\Illuminate\\Foundation\\Application.php(1190): Illuminate\\Foundation\\Http\\Kernel->handle()
#62 C:\\Users\\ishaa\\Desktop\\tr2-24-25-daw_tr2_g4\\back\\app\\public\\index.php(17): Illuminate\\Foundation\\Application->handleRequest()
#63 C:\\Users\\ishaa\\Desktop\\tr2-24-25-daw_tr2_g4\\back\\app\\vendor\\laravel\\framework\\src\\Illuminate\\Foundation\\resources\\server.php(23): require_once('...')
#64 {main}
"} 
