[2025-01-08 09:58:05] local.ERROR: filemtime(): stat failed for /home/mati/producto/tr2-24-25-daw_tr2_g4/back/laravel/.env {"exception":"[object] (ErrorException(code: 0): filemtime(): stat failed for /home/mati/producto/tr2-24-25-daw_tr2_g4/back/laravel/.env at /home/mati/producto/tr2-24-25-daw_tr2_g4/back/laravel/vendor/laravel/framework/src/Illuminate/Foundation/Console/ServeCommand.php:112)
[stacktrace]
#0 /home/mati/producto/tr2-24-25-daw_tr2_g4/back/laravel/vendor/laravel/framework/src/Illuminate/Foundation/Bootstrap/HandleExceptions.php(281): Illuminate\\Foundation\\Bootstrap\\HandleExceptions->handleError()
#1 [internal function]: Illuminate\\Foundation\\Bootstrap\\HandleExceptions->Illuminate\\Foundation\\Bootstrap\\{closure}()
#2 /home/mati/producto/tr2-24-25-daw_tr2_g4/back/laravel/vendor/laravel/framework/src/Illuminate/Foundation/Console/ServeCommand.php(112): filemtime()
#3 /home/mati/producto/tr2-24-25-daw_tr2_g4/back/laravel/vendor/laravel/framework/src/Illuminate/Container/BoundMethod.php(36): Illuminate\\Foundation\\Console\\ServeCommand->handle()
#4 /home/mati/producto/tr2-24-25-daw_tr2_g4/back/laravel/vendor/laravel/framework/src/Illuminate/Container/Util.php(43): Illuminate\\Container\\BoundMethod::Illuminate\\Container\\{closure}()
#5 /home/mati/producto/tr2-24-25-daw_tr2_g4/back/laravel/vendor/laravel/framework/src/Illuminate/Container/BoundMethod.php(95): Illuminate\\Container\\Util::unwrapIfClosure()
#6 /home/mati/producto/tr2-24-25-daw_tr2_g4/back/laravel/vendor/laravel/framework/src/Illuminate/Container/BoundMethod.php(35): Illuminate\\Container\\BoundMethod::callBoundMethod()
#7 /home/mati/producto/tr2-24-25-daw_tr2_g4/back/laravel/vendor/laravel/framework/src/Illuminate/Container/Container.php(694): Illuminate\\Container\\BoundMethod::call()
#8 /home/mati/producto/tr2-24-25-daw_tr2_g4/back/laravel/vendor/laravel/framework/src/Illuminate/Console/Command.php(213): Illuminate\\Container\\Container->call()
#9 /home/mati/producto/tr2-24-25-daw_tr2_g4/back/laravel/vendor/symfony/console/Command/Command.php(279): Illuminate\\Console\\Command->execute()
#10 /home/mati/producto/tr2-24-25-daw_tr2_g4/back/laravel/vendor/laravel/framework/src/Illuminate/Console/Command.php(182): Symfony\\Component\\Console\\Command\\Command->run()
#11 /home/mati/producto/tr2-24-25-daw_tr2_g4/back/laravel/vendor/symfony/console/Application.php(1094): Illuminate\\Console\\Command->run()
#12 /home/mati/producto/tr2-24-25-daw_tr2_g4/back/laravel/vendor/symfony/console/Application.php(342): Symfony\\Component\\Console\\Application->doRunCommand()
#13 /home/mati/producto/tr2-24-25-daw_tr2_g4/back/laravel/vendor/symfony/console/Application.php(193): Symfony\\Component\\Console\\Application->doRun()
#14 /home/mati/producto/tr2-24-25-daw_tr2_g4/back/laravel/vendor/laravel/framework/src/Illuminate/Foundation/Console/Kernel.php(197): Symfony\\Component\\Console\\Application->run()
#15 /home/mati/producto/tr2-24-25-daw_tr2_g4/back/laravel/vendor/laravel/framework/src/Illuminate/Foundation/Application.php(1205): Illuminate\\Foundation\\Console\\Kernel->handle()
#16 /home/mati/producto/tr2-24-25-daw_tr2_g4/back/laravel/artisan(13): Illuminate\\Foundation\\Application->handleCommand()
#17 {main}
"} 
[2025-01-08 16:17:50] local.ERROR: SQLSTATE[HY000] [1045] Access denied for user 'root'@'localhost' (using password: NO) (Connection: mysql, SQL: select exists (select 1 from information_schema.tables where table_schema = 'juego' and table_name = 'migrations' and table_type in ('BASE TABLE', 'SYSTEM VERSIONED')) as `exists`) {"exception":"[object] (Illuminate\\Database\\QueryException(code: 1045): SQLSTATE[HY000] [1045] Access denied for user 'root'@'localhost' (using password: NO) (Connection: mysql, SQL: select exists (select 1 from information_schema.tables where table_schema = 'juego' and table_name = 'migrations' and table_type in ('BASE TABLE', 'SYSTEM VERSIONED')) as `exists`) at /home/diego/producto/tr2-24-25-daw_tr2_g4-2/back/laravel/vendor/laravel/framework/src/Illuminate/Database/Connection.php:825)
[stacktrace]
#0 /home/diego/producto/tr2-24-25-daw_tr2_g4-2/back/laravel/vendor/laravel/framework/src/Illuminate/Database/Connection.php(779): Illuminate\\Database\\Connection->runQueryCallback()
#1 /home/diego/producto/tr2-24-25-daw_tr2_g4-2/back/laravel/vendor/laravel/framework/src/Illuminate/Database/Connection.php(398): Illuminate\\Database\\Connection->run()
#2 /home/diego/producto/tr2-24-25-daw_tr2_g4-2/back/laravel/vendor/laravel/framework/src/Illuminate/Database/Connection.php(344): Illuminate\\Database\\Connection->select()
#3 /home/diego/producto/tr2-24-25-daw_tr2_g4-2/back/laravel/vendor/laravel/framework/src/Illuminate/Database/Connection.php(361): Illuminate\\Database\\Connection->selectOne()
#4 /home/diego/producto/tr2-24-25-daw_tr2_g4-2/back/laravel/vendor/laravel/framework/src/Illuminate/Database/Schema/MySqlBuilder.php(45): Illuminate\\Database\\Connection->scalar()
#5 /home/diego/producto/tr2-24-25-daw_tr2_g4-2/back/laravel/vendor/laravel/framework/src/Illuminate/Database/Migrations/DatabaseMigrationRepository.php(184): Illuminate\\Database\\Schema\\MySqlBuilder->hasTable()
#6 /home/diego/producto/tr2-24-25-daw_tr2_g4-2/back/laravel/vendor/laravel/framework/src/Illuminate/Database/Migrations/Migrator.php(681): Illuminate\\Database\\Migrations\\DatabaseMigrationRepository->repositoryExists()
#7 /home/diego/producto/tr2-24-25-daw_tr2_g4-2/back/laravel/vendor/laravel/framework/src/Illuminate/Database/Console/Migrations/FreshCommand.php(68): Illuminate\\Database\\Migrations\\Migrator->repositoryExists()
#8 /home/diego/producto/tr2-24-25-daw_tr2_g4-2/back/laravel/vendor/laravel/framework/src/Illuminate/Database/Migrations/Migrator.php(616): Illuminate\\Database\\Console\\Migrations\\FreshCommand->Illuminate\\Database\\Console\\Migrations\\{closure}()
#9 /home/diego/producto/tr2-24-25-daw_tr2_g4-2/back/laravel/vendor/laravel/framework/src/Illuminate/Database/Console/Migrations/FreshCommand.php(67): Illuminate\\Database\\Migrations\\Migrator->usingConnection()
#10 /home/diego/producto/tr2-24-25-daw_tr2_g4-2/back/laravel/vendor/laravel/framework/src/Illuminate/Container/BoundMethod.php(36): Illuminate\\Database\\Console\\Migrations\\FreshCommand->handle()
#11 /home/diego/producto/tr2-24-25-daw_tr2_g4-2/back/laravel/vendor/laravel/framework/src/Illuminate/Container/Util.php(43): Illuminate\\Container\\BoundMethod::Illuminate\\Container\\{closure}()
#12 /home/diego/producto/tr2-24-25-daw_tr2_g4-2/back/laravel/vendor/laravel/framework/src/Illuminate/Container/BoundMethod.php(95): Illuminate\\Container\\Util::unwrapIfClosure()
#13 /home/diego/producto/tr2-24-25-daw_tr2_g4-2/back/laravel/vendor/laravel/framework/src/Illuminate/Container/BoundMethod.php(35): Illuminate\\Container\\BoundMethod::callBoundMethod()
#14 /home/diego/producto/tr2-24-25-daw_tr2_g4-2/back/laravel/vendor/laravel/framework/src/Illuminate/Container/Container.php(694): Illuminate\\Container\\BoundMethod::call()
#15 /home/diego/producto/tr2-24-25-daw_tr2_g4-2/back/laravel/vendor/laravel/framework/src/Illuminate/Console/Command.php(213): Illuminate\\Container\\Container->call()
#16 /home/diego/producto/tr2-24-25-daw_tr2_g4-2/back/laravel/vendor/symfony/console/Command/Command.php(279): Illuminate\\Console\\Command->execute()
#17 /home/diego/producto/tr2-24-25-daw_tr2_g4-2/back/laravel/vendor/laravel/framework/src/Illuminate/Console/Command.php(182): Symfony\\Component\\Console\\Command\\Command->run()
#18 /home/diego/producto/tr2-24-25-daw_tr2_g4-2/back/laravel/vendor/symfony/console/Application.php(1094): Illuminate\\Console\\Command->run()
#19 /home/diego/producto/tr2-24-25-daw_tr2_g4-2/back/laravel/vendor/symfony/console/Application.php(342): Symfony\\Component\\Console\\Application->doRunCommand()
#20 /home/diego/producto/tr2-24-25-daw_tr2_g4-2/back/laravel/vendor/symfony/console/Application.php(193): Symfony\\Component\\Console\\Application->doRun()
#21 /home/diego/producto/tr2-24-25-daw_tr2_g4-2/back/laravel/vendor/laravel/framework/src/Illuminate/Foundation/Console/Kernel.php(197): Symfony\\Component\\Console\\Application->run()
#22 /home/diego/producto/tr2-24-25-daw_tr2_g4-2/back/laravel/vendor/laravel/framework/src/Illuminate/Foundation/Application.php(1205): Illuminate\\Foundation\\Console\\Kernel->handle()
#23 /home/diego/producto/tr2-24-25-daw_tr2_g4-2/back/laravel/artisan(13): Illuminate\\Foundation\\Application->handleCommand()
#24 {main}

[previous exception] [object] (PDOException(code: 1045): SQLSTATE[HY000] [1045] Access denied for user 'root'@'localhost' (using password: NO) at /home/diego/producto/tr2-24-25-daw_tr2_g4-2/back/laravel/vendor/laravel/framework/src/Illuminate/Database/Connectors/Connector.php:66)
[stacktrace]
#0 /home/diego/producto/tr2-24-25-daw_tr2_g4-2/back/laravel/vendor/laravel/framework/src/Illuminate/Database/Connectors/Connector.php(66): PDO->__construct()
#1 /home/diego/producto/tr2-24-25-daw_tr2_g4-2/back/laravel/vendor/laravel/framework/src/Illuminate/Database/Connectors/Connector.php(44): Illuminate\\Database\\Connectors\\Connector->createPdoConnection()
#2 /home/diego/producto/tr2-24-25-daw_tr2_g4-2/back/laravel/vendor/laravel/framework/src/Illuminate/Database/Connectors/MySqlConnector.php(24): Illuminate\\Database\\Connectors\\Connector->createConnection()
#3 /home/diego/producto/tr2-24-25-daw_tr2_g4-2/back/laravel/vendor/laravel/framework/src/Illuminate/Database/Connectors/ConnectionFactory.php(185): Illuminate\\Database\\Connectors\\MySqlConnector->connect()
#4 [internal function]: Illuminate\\Database\\Connectors\\ConnectionFactory->Illuminate\\Database\\Connectors\\{closure}()
#5 /home/diego/producto/tr2-24-25-daw_tr2_g4-2/back/laravel/vendor/laravel/framework/src/Illuminate/Database/Connection.php(1231): call_user_func()
#6 /home/diego/producto/tr2-24-25-daw_tr2_g4-2/back/laravel/vendor/laravel/framework/src/Illuminate/Database/Connection.php(1267): Illuminate\\Database\\Connection->getPdo()
#7 /home/diego/producto/tr2-24-25-daw_tr2_g4-2/back/laravel/vendor/laravel/framework/src/Illuminate/Database/Connection.php(512): Illuminate\\Database\\Connection->getReadPdo()
#8 /home/diego/producto/tr2-24-25-daw_tr2_g4-2/back/laravel/vendor/laravel/framework/src/Illuminate/Database/Connection.php(407): Illuminate\\Database\\Connection->getPdoForSelect()
#9 /home/diego/producto/tr2-24-25-daw_tr2_g4-2/back/laravel/vendor/laravel/framework/src/Illuminate/Database/Connection.php(812): Illuminate\\Database\\Connection->Illuminate\\Database\\{closure}()
#10 /home/diego/producto/tr2-24-25-daw_tr2_g4-2/back/laravel/vendor/laravel/framework/src/Illuminate/Database/Connection.php(779): Illuminate\\Database\\Connection->runQueryCallback()
#11 /home/diego/producto/tr2-24-25-daw_tr2_g4-2/back/laravel/vendor/laravel/framework/src/Illuminate/Database/Connection.php(398): Illuminate\\Database\\Connection->run()
#12 /home/diego/producto/tr2-24-25-daw_tr2_g4-2/back/laravel/vendor/laravel/framework/src/Illuminate/Database/Connection.php(344): Illuminate\\Database\\Connection->select()
#13 /home/diego/producto/tr2-24-25-daw_tr2_g4-2/back/laravel/vendor/laravel/framework/src/Illuminate/Database/Connection.php(361): Illuminate\\Database\\Connection->selectOne()
#14 /home/diego/producto/tr2-24-25-daw_tr2_g4-2/back/laravel/vendor/laravel/framework/src/Illuminate/Database/Schema/MySqlBuilder.php(45): Illuminate\\Database\\Connection->scalar()
#15 /home/diego/producto/tr2-24-25-daw_tr2_g4-2/back/laravel/vendor/laravel/framework/src/Illuminate/Database/Migrations/DatabaseMigrationRepository.php(184): Illuminate\\Database\\Schema\\MySqlBuilder->hasTable()
#16 /home/diego/producto/tr2-24-25-daw_tr2_g4-2/back/laravel/vendor/laravel/framework/src/Illuminate/Database/Migrations/Migrator.php(681): Illuminate\\Database\\Migrations\\DatabaseMigrationRepository->repositoryExists()
#17 /home/diego/producto/tr2-24-25-daw_tr2_g4-2/back/laravel/vendor/laravel/framework/src/Illuminate/Database/Console/Migrations/FreshCommand.php(68): Illuminate\\Database\\Migrations\\Migrator->repositoryExists()
#18 /home/diego/producto/tr2-24-25-daw_tr2_g4-2/back/laravel/vendor/laravel/framework/src/Illuminate/Database/Migrations/Migrator.php(616): Illuminate\\Database\\Console\\Migrations\\FreshCommand->Illuminate\\Database\\Console\\Migrations\\{closure}()
#19 /home/diego/producto/tr2-24-25-daw_tr2_g4-2/back/laravel/vendor/laravel/framework/src/Illuminate/Database/Console/Migrations/FreshCommand.php(67): Illuminate\\Database\\Migrations\\Migrator->usingConnection()
#20 /home/diego/producto/tr2-24-25-daw_tr2_g4-2/back/laravel/vendor/laravel/framework/src/Illuminate/Container/BoundMethod.php(36): Illuminate\\Database\\Console\\Migrations\\FreshCommand->handle()
#21 /home/diego/producto/tr2-24-25-daw_tr2_g4-2/back/laravel/vendor/laravel/framework/src/Illuminate/Container/Util.php(43): Illuminate\\Container\\BoundMethod::Illuminate\\Container\\{closure}()
#22 /home/diego/producto/tr2-24-25-daw_tr2_g4-2/back/laravel/vendor/laravel/framework/src/Illuminate/Container/BoundMethod.php(95): Illuminate\\Container\\Util::unwrapIfClosure()
#23 /home/diego/producto/tr2-24-25-daw_tr2_g4-2/back/laravel/vendor/laravel/framework/src/Illuminate/Container/BoundMethod.php(35): Illuminate\\Container\\BoundMethod::callBoundMethod()
#24 /home/diego/producto/tr2-24-25-daw_tr2_g4-2/back/laravel/vendor/laravel/framework/src/Illuminate/Container/Container.php(694): Illuminate\\Container\\BoundMethod::call()
#25 /home/diego/producto/tr2-24-25-daw_tr2_g4-2/back/laravel/vendor/laravel/framework/src/Illuminate/Console/Command.php(213): Illuminate\\Container\\Container->call()
#26 /home/diego/producto/tr2-24-25-daw_tr2_g4-2/back/laravel/vendor/symfony/console/Command/Command.php(279): Illuminate\\Console\\Command->execute()
#27 /home/diego/producto/tr2-24-25-daw_tr2_g4-2/back/laravel/vendor/laravel/framework/src/Illuminate/Console/Command.php(182): Symfony\\Component\\Console\\Command\\Command->run()
#28 /home/diego/producto/tr2-24-25-daw_tr2_g4-2/back/laravel/vendor/symfony/console/Application.php(1094): Illuminate\\Console\\Command->run()
#29 /home/diego/producto/tr2-24-25-daw_tr2_g4-2/back/laravel/vendor/symfony/console/Application.php(342): Symfony\\Component\\Console\\Application->doRunCommand()
#30 /home/diego/producto/tr2-24-25-daw_tr2_g4-2/back/laravel/vendor/symfony/console/Application.php(193): Symfony\\Component\\Console\\Application->doRun()
#31 /home/diego/producto/tr2-24-25-daw_tr2_g4-2/back/laravel/vendor/laravel/framework/src/Illuminate/Foundation/Console/Kernel.php(197): Symfony\\Component\\Console\\Application->run()
#32 /home/diego/producto/tr2-24-25-daw_tr2_g4-2/back/laravel/vendor/laravel/framework/src/Illuminate/Foundation/Application.php(1205): Illuminate\\Foundation\\Console\\Kernel->handle()
#33 /home/diego/producto/tr2-24-25-daw_tr2_g4-2/back/laravel/artisan(13): Illuminate\\Foundation\\Application->handleCommand()
#34 {main}
"} 
[2025-01-08 16:18:01] local.ERROR: SQLSTATE[HY000] [1045] Access denied for user 'root'@'localhost' (using password: YES) (Connection: mysql, SQL: select exists (select 1 from information_schema.tables where table_schema = 'juego' and table_name = 'migrations' and table_type in ('BASE TABLE', 'SYSTEM VERSIONED')) as `exists`) {"exception":"[object] (Illuminate\\Database\\QueryException(code: 1045): SQLSTATE[HY000] [1045] Access denied for user 'root'@'localhost' (using password: YES) (Connection: mysql, SQL: select exists (select 1 from information_schema.tables where table_schema = 'juego' and table_name = 'migrations' and table_type in ('BASE TABLE', 'SYSTEM VERSIONED')) as `exists`) at /home/diego/producto/tr2-24-25-daw_tr2_g4-2/back/laravel/vendor/laravel/framework/src/Illuminate/Database/Connection.php:825)
[stacktrace]
#0 /home/diego/producto/tr2-24-25-daw_tr2_g4-2/back/laravel/vendor/laravel/framework/src/Illuminate/Database/Connection.php(779): Illuminate\\Database\\Connection->runQueryCallback()
#1 /home/diego/producto/tr2-24-25-daw_tr2_g4-2/back/laravel/vendor/laravel/framework/src/Illuminate/Database/Connection.php(398): Illuminate\\Database\\Connection->run()
#2 /home/diego/producto/tr2-24-25-daw_tr2_g4-2/back/laravel/vendor/laravel/framework/src/Illuminate/Database/Connection.php(344): Illuminate\\Database\\Connection->select()
#3 /home/diego/producto/tr2-24-25-daw_tr2_g4-2/back/laravel/vendor/laravel/framework/src/Illuminate/Database/Connection.php(361): Illuminate\\Database\\Connection->selectOne()
#4 /home/diego/producto/tr2-24-25-daw_tr2_g4-2/back/laravel/vendor/laravel/framework/src/Illuminate/Database/Schema/MySqlBuilder.php(45): Illuminate\\Database\\Connection->scalar()
#5 /home/diego/producto/tr2-24-25-daw_tr2_g4-2/back/laravel/vendor/laravel/framework/src/Illuminate/Database/Migrations/DatabaseMigrationRepository.php(184): Illuminate\\Database\\Schema\\MySqlBuilder->hasTable()
#6 /home/diego/producto/tr2-24-25-daw_tr2_g4-2/back/laravel/vendor/laravel/framework/src/Illuminate/Database/Migrations/Migrator.php(681): Illuminate\\Database\\Migrations\\DatabaseMigrationRepository->repositoryExists()
#7 /home/diego/producto/tr2-24-25-daw_tr2_g4-2/back/laravel/vendor/laravel/framework/src/Illuminate/Database/Console/Migrations/FreshCommand.php(68): Illuminate\\Database\\Migrations\\Migrator->repositoryExists()
#8 /home/diego/producto/tr2-24-25-daw_tr2_g4-2/back/laravel/vendor/laravel/framework/src/Illuminate/Database/Migrations/Migrator.php(616): Illuminate\\Database\\Console\\Migrations\\FreshCommand->Illuminate\\Database\\Console\\Migrations\\{closure}()
#9 /home/diego/producto/tr2-24-25-daw_tr2_g4-2/back/laravel/vendor/laravel/framework/src/Illuminate/Database/Console/Migrations/FreshCommand.php(67): Illuminate\\Database\\Migrations\\Migrator->usingConnection()
#10 /home/diego/producto/tr2-24-25-daw_tr2_g4-2/back/laravel/vendor/laravel/framework/src/Illuminate/Container/BoundMethod.php(36): Illuminate\\Database\\Console\\Migrations\\FreshCommand->handle()
#11 /home/diego/producto/tr2-24-25-daw_tr2_g4-2/back/laravel/vendor/laravel/framework/src/Illuminate/Container/Util.php(43): Illuminate\\Container\\BoundMethod::Illuminate\\Container\\{closure}()
#12 /home/diego/producto/tr2-24-25-daw_tr2_g4-2/back/laravel/vendor/laravel/framework/src/Illuminate/Container/BoundMethod.php(95): Illuminate\\Container\\Util::unwrapIfClosure()
#13 /home/diego/producto/tr2-24-25-daw_tr2_g4-2/back/laravel/vendor/laravel/framework/src/Illuminate/Container/BoundMethod.php(35): Illuminate\\Container\\BoundMethod::callBoundMethod()
#14 /home/diego/producto/tr2-24-25-daw_tr2_g4-2/back/laravel/vendor/laravel/framework/src/Illuminate/Container/Container.php(694): Illuminate\\Container\\BoundMethod::call()
#15 /home/diego/producto/tr2-24-25-daw_tr2_g4-2/back/laravel/vendor/laravel/framework/src/Illuminate/Console/Command.php(213): Illuminate\\Container\\Container->call()
#16 /home/diego/producto/tr2-24-25-daw_tr2_g4-2/back/laravel/vendor/symfony/console/Command/Command.php(279): Illuminate\\Console\\Command->execute()
#17 /home/diego/producto/tr2-24-25-daw_tr2_g4-2/back/laravel/vendor/laravel/framework/src/Illuminate/Console/Command.php(182): Symfony\\Component\\Console\\Command\\Command->run()
#18 /home/diego/producto/tr2-24-25-daw_tr2_g4-2/back/laravel/vendor/symfony/console/Application.php(1094): Illuminate\\Console\\Command->run()
#19 /home/diego/producto/tr2-24-25-daw_tr2_g4-2/back/laravel/vendor/symfony/console/Application.php(342): Symfony\\Component\\Console\\Application->doRunCommand()
#20 /home/diego/producto/tr2-24-25-daw_tr2_g4-2/back/laravel/vendor/symfony/console/Application.php(193): Symfony\\Component\\Console\\Application->doRun()
#21 /home/diego/producto/tr2-24-25-daw_tr2_g4-2/back/laravel/vendor/laravel/framework/src/Illuminate/Foundation/Console/Kernel.php(197): Symfony\\Component\\Console\\Application->run()
#22 /home/diego/producto/tr2-24-25-daw_tr2_g4-2/back/laravel/vendor/laravel/framework/src/Illuminate/Foundation/Application.php(1205): Illuminate\\Foundation\\Console\\Kernel->handle()
#23 /home/diego/producto/tr2-24-25-daw_tr2_g4-2/back/laravel/artisan(13): Illuminate\\Foundation\\Application->handleCommand()
#24 {main}

[previous exception] [object] (PDOException(code: 1045): SQLSTATE[HY000] [1045] Access denied for user 'root'@'localhost' (using password: YES) at /home/diego/producto/tr2-24-25-daw_tr2_g4-2/back/laravel/vendor/laravel/framework/src/Illuminate/Database/Connectors/Connector.php:66)
[stacktrace]
#0 /home/diego/producto/tr2-24-25-daw_tr2_g4-2/back/laravel/vendor/laravel/framework/src/Illuminate/Database/Connectors/Connector.php(66): PDO->__construct()
#1 /home/diego/producto/tr2-24-25-daw_tr2_g4-2/back/laravel/vendor/laravel/framework/src/Illuminate/Database/Connectors/Connector.php(44): Illuminate\\Database\\Connectors\\Connector->createPdoConnection()
#2 /home/diego/producto/tr2-24-25-daw_tr2_g4-2/back/laravel/vendor/laravel/framework/src/Illuminate/Database/Connectors/MySqlConnector.php(24): Illuminate\\Database\\Connectors\\Connector->createConnection()
#3 /home/diego/producto/tr2-24-25-daw_tr2_g4-2/back/laravel/vendor/laravel/framework/src/Illuminate/Database/Connectors/ConnectionFactory.php(185): Illuminate\\Database\\Connectors\\MySqlConnector->connect()
#4 [internal function]: Illuminate\\Database\\Connectors\\ConnectionFactory->Illuminate\\Database\\Connectors\\{closure}()
#5 /home/diego/producto/tr2-24-25-daw_tr2_g4-2/back/laravel/vendor/laravel/framework/src/Illuminate/Database/Connection.php(1231): call_user_func()
#6 /home/diego/producto/tr2-24-25-daw_tr2_g4-2/back/laravel/vendor/laravel/framework/src/Illuminate/Database/Connection.php(1267): Illuminate\\Database\\Connection->getPdo()
#7 /home/diego/producto/tr2-24-25-daw_tr2_g4-2/back/laravel/vendor/laravel/framework/src/Illuminate/Database/Connection.php(512): Illuminate\\Database\\Connection->getReadPdo()
#8 /home/diego/producto/tr2-24-25-daw_tr2_g4-2/back/laravel/vendor/laravel/framework/src/Illuminate/Database/Connection.php(407): Illuminate\\Database\\Connection->getPdoForSelect()
#9 /home/diego/producto/tr2-24-25-daw_tr2_g4-2/back/laravel/vendor/laravel/framework/src/Illuminate/Database/Connection.php(812): Illuminate\\Database\\Connection->Illuminate\\Database\\{closure}()
#10 /home/diego/producto/tr2-24-25-daw_tr2_g4-2/back/laravel/vendor/laravel/framework/src/Illuminate/Database/Connection.php(779): Illuminate\\Database\\Connection->runQueryCallback()
#11 /home/diego/producto/tr2-24-25-daw_tr2_g4-2/back/laravel/vendor/laravel/framework/src/Illuminate/Database/Connection.php(398): Illuminate\\Database\\Connection->run()
#12 /home/diego/producto/tr2-24-25-daw_tr2_g4-2/back/laravel/vendor/laravel/framework/src/Illuminate/Database/Connection.php(344): Illuminate\\Database\\Connection->select()
#13 /home/diego/producto/tr2-24-25-daw_tr2_g4-2/back/laravel/vendor/laravel/framework/src/Illuminate/Database/Connection.php(361): Illuminate\\Database\\Connection->selectOne()
#14 /home/diego/producto/tr2-24-25-daw_tr2_g4-2/back/laravel/vendor/laravel/framework/src/Illuminate/Database/Schema/MySqlBuilder.php(45): Illuminate\\Database\\Connection->scalar()
#15 /home/diego/producto/tr2-24-25-daw_tr2_g4-2/back/laravel/vendor/laravel/framework/src/Illuminate/Database/Migrations/DatabaseMigrationRepository.php(184): Illuminate\\Database\\Schema\\MySqlBuilder->hasTable()
#16 /home/diego/producto/tr2-24-25-daw_tr2_g4-2/back/laravel/vendor/laravel/framework/src/Illuminate/Database/Migrations/Migrator.php(681): Illuminate\\Database\\Migrations\\DatabaseMigrationRepository->repositoryExists()
#17 /home/diego/producto/tr2-24-25-daw_tr2_g4-2/back/laravel/vendor/laravel/framework/src/Illuminate/Database/Console/Migrations/FreshCommand.php(68): Illuminate\\Database\\Migrations\\Migrator->repositoryExists()
#18 /home/diego/producto/tr2-24-25-daw_tr2_g4-2/back/laravel/vendor/laravel/framework/src/Illuminate/Database/Migrations/Migrator.php(616): Illuminate\\Database\\Console\\Migrations\\FreshCommand->Illuminate\\Database\\Console\\Migrations\\{closure}()
#19 /home/diego/producto/tr2-24-25-daw_tr2_g4-2/back/laravel/vendor/laravel/framework/src/Illuminate/Database/Console/Migrations/FreshCommand.php(67): Illuminate\\Database\\Migrations\\Migrator->usingConnection()
#20 /home/diego/producto/tr2-24-25-daw_tr2_g4-2/back/laravel/vendor/laravel/framework/src/Illuminate/Container/BoundMethod.php(36): Illuminate\\Database\\Console\\Migrations\\FreshCommand->handle()
#21 /home/diego/producto/tr2-24-25-daw_tr2_g4-2/back/laravel/vendor/laravel/framework/src/Illuminate/Container/Util.php(43): Illuminate\\Container\\BoundMethod::Illuminate\\Container\\{closure}()
#22 /home/diego/producto/tr2-24-25-daw_tr2_g4-2/back/laravel/vendor/laravel/framework/src/Illuminate/Container/BoundMethod.php(95): Illuminate\\Container\\Util::unwrapIfClosure()
#23 /home/diego/producto/tr2-24-25-daw_tr2_g4-2/back/laravel/vendor/laravel/framework/src/Illuminate/Container/BoundMethod.php(35): Illuminate\\Container\\BoundMethod::callBoundMethod()
#24 /home/diego/producto/tr2-24-25-daw_tr2_g4-2/back/laravel/vendor/laravel/framework/src/Illuminate/Container/Container.php(694): Illuminate\\Container\\BoundMethod::call()
#25 /home/diego/producto/tr2-24-25-daw_tr2_g4-2/back/laravel/vendor/laravel/framework/src/Illuminate/Console/Command.php(213): Illuminate\\Container\\Container->call()
#26 /home/diego/producto/tr2-24-25-daw_tr2_g4-2/back/laravel/vendor/symfony/console/Command/Command.php(279): Illuminate\\Console\\Command->execute()
#27 /home/diego/producto/tr2-24-25-daw_tr2_g4-2/back/laravel/vendor/laravel/framework/src/Illuminate/Console/Command.php(182): Symfony\\Component\\Console\\Command\\Command->run()
#28 /home/diego/producto/tr2-24-25-daw_tr2_g4-2/back/laravel/vendor/symfony/console/Application.php(1094): Illuminate\\Console\\Command->run()
#29 /home/diego/producto/tr2-24-25-daw_tr2_g4-2/back/laravel/vendor/symfony/console/Application.php(342): Symfony\\Component\\Console\\Application->doRunCommand()
#30 /home/diego/producto/tr2-24-25-daw_tr2_g4-2/back/laravel/vendor/symfony/console/Application.php(193): Symfony\\Component\\Console\\Application->doRun()
#31 /home/diego/producto/tr2-24-25-daw_tr2_g4-2/back/laravel/vendor/laravel/framework/src/Illuminate/Foundation/Console/Kernel.php(197): Symfony\\Component\\Console\\Application->run()
#32 /home/diego/producto/tr2-24-25-daw_tr2_g4-2/back/laravel/vendor/laravel/framework/src/Illuminate/Foundation/Application.php(1205): Illuminate\\Foundation\\Console\\Kernel->handle()
#33 /home/diego/producto/tr2-24-25-daw_tr2_g4-2/back/laravel/artisan(13): Illuminate\\Foundation\\Application->handleCommand()
#34 {main}
"} 
